#
# A fatal error has been detected by the Java Runtime Environment:
#
#  EXCEPTION_ACCESS_VIOLATION (0xc0000005) at pc=0x000000005abc7bf4, pid=5064, tid=9188
#
# JRE version: Java(TM) SE Runtime Environment (7.0_67-b01) (build 1.7.0_67-b01)
# Java VM: Java HotSpot(TM) 64-Bit Server VM (24.65-b04 mixed mode windows-amd64 compressed oops)
# Problematic frame:
# V  [jvm.dll+0x4c7bf4]
#
# Failed to write core dump. Minidumps are not enabled by default on client versions of Windows
#
# If you would like to submit a bug report, please visit:
#   http://bugreport.sun.com/bugreport/crash.jsp
#

---------------  T H R E A D  ---------------

Current thread (0x00000000086b3800):  JavaThread "C2 CompilerThread1" daemon [_thread_in_native, id=9188, stack(0x0000000008ac0000,0x0000000008bc0000)]

siginfo: ExceptionCode=0xc0000005, reading address 0x0000000000000030

Registers:
RAX=0x0000000000000000, RBX=0x0000000008bbc490, RCX=0x00000000060bdf88, RDX=0x0000000008bbc490
RSP=0x0000000008bbc320, RBP=0x0000000008bbc530, RSI=0x0000000008bbec30, RDI=0x00000000070bdef0
R8 =0x0000000008bbc930, R9 =0x0000000008bbc538, R10=0x0000000000000000, R11=0x000000005ac71d20
R12=0xfffffffffffffa70, R13=0x0000000000000038, R14=0x00000000070bdef0, R15=0x0000000008bbc930
RIP=0x000000005abc7bf4, EFLAGS=0x0000000000010202

Top of Stack: (sp=0x0000000008bbc320)
0x0000000008bbc320:   0000000002734d20 000000005a71f3ef
0x0000000008bbc330:   0000000000001c00 0000000000000000
0x0000000008bbc340:   00000000089bd248 00000000089bd248
0x0000000008bbc350:   0000000000000020 0000000008bbc5b8
0x0000000008bbc360:   00000000000000bf 000000005a96ec65
0x0000000008bbc370:   0000000008bbc3f0 000000000a1703f0
0x0000000008bbc380:   0000000008bbc3f0 0000000000000000
0x0000000008bbc390:   000000005ac71d20 0000000008bbc4e8
0x0000000008bbc3a0:   0000000002734d20 0000000002734fe0
0x0000000008bbc3b0:   0000000002734d20 0000000008bbc5b8
0x0000000008bbc3c0:   0000000000000000 000000005abc79dd
0x0000000008bbc3d0:   0000000000000000 0000000000000004
0x0000000008bbc3e0:   000000000a1703f0 0000000000000038
0x0000000008bbc3f0:   0000000008bbc490 000000005a71f01f
0x0000000008bbc400:   00000000ffffffff 000000000a1703f0
0x0000000008bbc410:   fffffffffffffa70 00000000070bdef0 

Instructions: (pc=0x000000005abc7bf4)
0x000000005abc7bd4:   48 8d 4c 24 70 48 8b d3 e8 5f 60 b5 ff 49 8b 4e
0x000000005abc7be4:   58 4c 8d 1d 34 a1 0a 00 4c 89 5c 24 70 48 8b 01
0x000000005abc7bf4:   ff 50 30 4d 8b 66 50 48 85 c0 49 8b 04 24 49 8b
0x000000005abc7c04:   cc 0f 85 b9 00 00 00 ff 90 88 00 00 00 4d 8b 14 


Register to memory mapping:

RAX=0x0000000000000000 is an unknown value
RBX=0x0000000008bbc490 is pointing into the stack for thread: 0x00000000086b3800
RCX=0x00000000060bdf88 is an unknown value
RDX=0x0000000008bbc490 is pointing into the stack for thread: 0x00000000086b3800
RSP=0x0000000008bbc320 is pointing into the stack for thread: 0x00000000086b3800
RBP=0x0000000008bbc530 is pointing into the stack for thread: 0x00000000086b3800
RSI=0x0000000008bbec30 is pointing into the stack for thread: 0x00000000086b3800
RDI=0x00000000070bdef0 is an unknown value
R8 =0x0000000008bbc930 is pointing into the stack for thread: 0x00000000086b3800
R9 =0x0000000008bbc538 is pointing into the stack for thread: 0x00000000086b3800
R10=0x0000000000000000 is an unknown value
R11=0x000000005ac71d20 is an unknown value
R12=0xfffffffffffffa70 is an unknown value
R13=0x0000000000000038 is an unknown value
R14=0x00000000070bdef0 is an unknown value
R15=0x0000000008bbc930 is pointing into the stack for thread: 0x00000000086b3800


Stack: [0x0000000008ac0000,0x0000000008bc0000],  sp=0x0000000008bbc320,  free space=1008k
Native frames: (J=compiled Java code, j=interpreted, Vv=VM code, C=native code)
V  [jvm.dll+0x4c7bf4]


Current CompileTask:
C2:  32693  822             org.apache.jasper.xmlparser.ParserUtils::convert (202 bytes)


---------------  P R O C E S S  ---------------

Java Threads: ( => current thread )
  0x0000000009d5d000 JavaThread "Thread-15" daemon [_thread_blocked, id=5088, stack(0x000000000c750000,0x000000000c850000)]
  0x0000000009d5e000 JavaThread "Thread-14" daemon [_thread_blocked, id=3716, stack(0x000000000c650000,0x000000000c750000)]
  0x0000000009d5b800 JavaThread "pool-3-thread-1" daemon [_thread_blocked, id=3520, stack(0x000000000c550000,0x000000000c650000)]
  0x0000000009479800 JavaThread "1699226408@qtp-1408446403-3" [_thread_in_native, id=8584, stack(0x000000000b030000,0x000000000b130000)]
  0x000000000a86d800 JavaThread "Timer-1" daemon [_thread_blocked, id=3024, stack(0x000000000b230000,0x000000000b330000)]
  0x0000000009f6b800 JavaThread "Timer-0" daemon [_thread_blocked, id=2960, stack(0x000000000b130000,0x000000000b230000)]
  0x000000000a0aa800 JavaThread "1047560692@qtp-1408446403-1 - Acceptor0 SelectChannelConnector@0.0.0.0:8888" [_thread_in_native, id=3200, stack(0x000000000ad40000,0x000000000ae40000)]
  0x0000000008f10000 JavaThread "363819737@qtp-1408446403-0" [_thread_blocked, id=7708, stack(0x0000000009b70000,0x0000000009c70000)]
  0x00000000093d6800 JavaThread "Code server listener" daemon [_thread_in_native, id=3648, stack(0x000000000ae40000,0x000000000af40000)]
  0x0000000009162000 JavaThread "pool-1-thread-1" [_thread_blocked, id=6912, stack(0x000000000ac40000,0x000000000ad40000)]
  0x0000000008df4800 JavaThread "Thread-2" daemon [_thread_blocked, id=8972, stack(0x0000000009a70000,0x0000000009b70000)]
  0x0000000008e8c000 JavaThread "Thread-1" [_thread_in_native, id=1580, stack(0x0000000009970000,0x0000000009a70000)]
  0x00000000086b6800 JavaThread "Service Thread" daemon [_thread_blocked, id=3504, stack(0x0000000008bc0000,0x0000000008cc0000)]
=>0x00000000086b3800 JavaThread "C2 CompilerThread1" daemon [_thread_in_native, id=9188, stack(0x0000000008ac0000,0x0000000008bc0000)]
  0x00000000086a7800 JavaThread "C2 CompilerThread0" daemon [_thread_in_native, id=4584, stack(0x00000000089c0000,0x0000000008ac0000)]
  0x000000000252d800 JavaThread "Attach Listener" daemon [_thread_blocked, id=1972, stack(0x00000000084c0000,0x00000000085c0000)]
  0x0000000007056800 JavaThread "Signal Dispatcher" daemon [_thread_blocked, id=5568, stack(0x00000000083c0000,0x00000000084c0000)]
  0x000000000251a800 JavaThread "Finalizer" daemon [_thread_blocked, id=948, stack(0x00000000082c0000,0x00000000083c0000)]
  0x0000000002512800 JavaThread "Reference Handler" daemon [_thread_blocked, id=1260, stack(0x00000000081c0000,0x00000000082c0000)]
  0x0000000002433800 JavaThread "main" [_thread_blocked, id=8672, stack(0x00000000020d0000,0x00000000021d0000)]

Other Threads:
  0x0000000007033800 VMThread [stack: 0x00000000080c0000,0x00000000081c0000] [id=5252]
  0x00000000086b8800 WatcherThread [stack: 0x0000000008cc0000,0x0000000008dc0000] [id=972]

VM state:not at safepoint (normal execution)

VM Mutex/Monitor currently owned by a thread: None

Heap
 PSYoungGen      total 100352K, used 66075K [0x00000000f5500000, 0x00000000fea80000, 0x0000000100000000)
  eden space 60928K, 54% used [0x00000000f5500000,0x00000000f7527768,0x00000000f9080000)
  from space 39424K, 84% used [0x00000000fbb00000,0x00000000fdb5f6d8,0x00000000fe180000)
  to   space 43520K, 0% used [0x00000000f9080000,0x00000000f9080000,0x00000000fbb00000)
 ParOldGen       total 82432K, used 43518K [0x00000000e0000000, 0x00000000e5080000, 0x00000000f5500000)
  object space 82432K, 52% used [0x00000000e0000000,0x00000000e2a7fa78,0x00000000e5080000)
 PSPermGen       total 33280K, used 32874K [0x00000000dae00000, 0x00000000dce80000, 0x00000000e0000000)
  object space 33280K, 98% used [0x00000000dae00000,0x00000000dce1a978,0x00000000dce80000)

Card table byte_map: [0x0000000005530000,0x0000000005660000] byte_map_base: 0x0000000004e59000

Polling page: 0x00000000007f0000

Code Cache  [0x0000000002530000, 0x00000000027a0000, 0x0000000005530000)
 total_blobs=1090 nmethods=743 adapters=296 free_code_cache=46793Kb largest_free_block=47800640

Compilation events (10 events):
Event: 32.507 Thread 0x00000000086b3800 nmethod 817 0x0000000002676c50 code [0x0000000002676ea0, 0x00000000026776b8]
Event: 32.507 Thread 0x00000000086b3800  818             com.sun.org.apache.xerces.internal.impl.XMLDocumentFragmentScannerImpl::access$100 (5 bytes)
Event: 32.509 Thread 0x00000000086b3800 nmethod 818 0x00000000025c9e90 code [0x00000000025c9fc0, 0x00000000025ca018]
Event: 32.509 Thread 0x00000000086b3800  819             com.sun.org.apache.xerces.internal.utils.XMLLimitAnalyzer::isTracking (18 bytes)
Event: 32.511 Thread 0x00000000086b3800 nmethod 819 0x000000000269a6d0 code [0x000000000269a800, 0x000000000269a938]
Event: 32.511 Thread 0x00000000086b3800  820             com.sun.org.apache.xerces.internal.dom.DeferredDocumentImpl::setChunkValue (80 bytes)
Event: 32.519 Thread 0x00000000086b3800 nmethod 820 0x00000000025b7550 code [0x00000000025b76c0, 0x00000000025b78c8]
Event: 32.562 Thread 0x00000000086b3800  821             com.sun.org.apache.xerces.internal.dom.DeferredDocumentImpl::clearChunkValue (69 bytes)
Event: 32.569 Thread 0x00000000086b3800 nmethod 821 0x0000000002671910 code [0x0000000002671a60, 0x0000000002671c18]
Event: 32.569 Thread 0x00000000086b3800  822             org.apache.jasper.xmlparser.ParserUtils::convert (202 bytes)

GC Heap History (10 events):
Event: 4.977 GC heap before
{Heap before GC invocations=9 (full 1):
 PSYoungGen      total 70656K, used 61011K [0x00000000f5500000, 0x00000000fb400000, 0x0000000100000000)
  eden space 50176K, 100% used [0x00000000f5500000,0x00000000f8600000,0x00000000f8600000)
  from space 20480K, 52% used [0x00000000f8600000,0x00000000f9094c50,0x00000000f9a00000)
  to   space 19968K, 0% used [0x00000000fa080000,0x00000000fa080000,0x00000000fb400000)
 ParOldGen       total 82432K, used 37693K [0x00000000e0000000, 0x00000000e5080000, 0x00000000f5500000)
  object space 82432K, 45% used [0x00000000e0000000,0x00000000e24cf558,0x00000000e5080000)
 PSPermGen       total 21504K, used 17381K [0x00000000dae00000, 0x00000000dc300000, 0x00000000e0000000)
  object space 21504K, 80% used [0x00000000dae00000,0x00000000dbef97d0,0x00000000dc300000)
Event: 5.008 GC heap after
Heap after GC invocations=9 (full 1):
 PSYoungGen      total 73216K, used 19958K [0x00000000f5500000, 0x00000000fc280000, 0x0000000100000000)
  eden space 53248K, 0% used [0x00000000f5500000,0x00000000f5500000,0x00000000f8900000)
  from space 19968K, 99% used [0x00000000fa080000,0x00000000fb3fdbe8,0x00000000fb400000)
  to   space 24064K, 0% used [0x00000000f8900000,0x00000000f8900000,0x00000000fa080000)
 ParOldGen       total 82432K, used 39642K [0x00000000e0000000, 0x00000000e5080000, 0x00000000f5500000)
  object space 82432K, 48% used [0x00000000e0000000,0x00000000e26b6bf8,0x00000000e5080000)
 PSPermGen       total 21504K, used 17381K [0x00000000dae00000, 0x00000000dc300000, 0x00000000e0000000)
  object space 21504K, 80% used [0x00000000dae00000,0x00000000dbef97d0,0x00000000dc300000)
}
Event: 6.458 GC heap before
{Heap before GC invocations=10 (full 1):
 PSYoungGen      total 73216K, used 73206K [0x00000000f5500000, 0x00000000fc280000, 0x0000000100000000)
  eden space 53248K, 100% used [0x00000000f5500000,0x00000000f8900000,0x00000000f8900000)
  from space 19968K, 99% used [0x00000000fa080000,0x00000000fb3fdbe8,0x00000000fb400000)
  to   space 24064K, 0% used [0x00000000f8900000,0x00000000f8900000,0x00000000fa080000)
 ParOldGen       total 82432K, used 39642K [0x00000000e0000000, 0x00000000e5080000, 0x00000000f5500000)
  object space 82432K, 48% used [0x00000000e0000000,0x00000000e26b6bf8,0x00000000e5080000)
 PSPermGen       total 21504K, used 20376K [0x00000000dae00000, 0x00000000dc300000, 0x00000000e0000000)
  object space 21504K, 94% used [0x00000000dae00000,0x00000000dc1e6090,0x00000000dc300000)
Event: 6.512 GC heap after
Heap after GC invocations=10 (full 1):
 PSYoungGen      total 77312K, used 24060K [0x00000000f5500000, 0x00000000fcb80000, 0x0000000100000000)
  eden space 53248K, 0% used [0x00000000f5500000,0x00000000f5500000,0x00000000f8900000)
  from space 24064K, 99% used [0x00000000f8900000,0x00000000fa07f140,0x00000000fa080000)
  to   space 29696K, 0% used [0x00000000fae80000,0x00000000fae80000,0x00000000fcb80000)
 ParOldGen       total 82432K, used 43518K [0x00000000e0000000, 0x00000000e5080000, 0x00000000f5500000)
  object space 82432K, 52% used [0x00000000e0000000,0x00000000e2a7fa78,0x00000000e5080000)
 PSPermGen       total 21504K, used 20376K [0x00000000dae00000, 0x00000000dc300000, 0x00000000e0000000)
  object space 21504K, 94% used [0x00000000dae00000,0x00000000dc1e6090,0x00000000dc300000)
}
Event: 7.383 GC heap before
{Heap before GC invocations=11 (full 1):
 PSYoungGen      total 77312K, used 77308K [0x00000000f5500000, 0x00000000fcb80000, 0x0000000100000000)
  eden space 53248K, 100% used [0x00000000f5500000,0x00000000f8900000,0x00000000f8900000)
  from space 24064K, 99% used [0x00000000f8900000,0x00000000fa07f140,0x00000000fa080000)
  to   space 29696K, 0% used [0x00000000fae80000,0x00000000fae80000,0x00000000fcb80000)
 ParOldGen       total 82432K, used 43518K [0x00000000e0000000, 0x00000000e5080000, 0x00000000f5500000)
  object space 82432K, 52% used [0x00000000e0000000,0x00000000e2a7fa78,0x00000000e5080000)
 PSPermGen       total 22016K, used 21572K [0x00000000dae00000, 0x00000000dc380000, 0x00000000e0000000)
  object space 22016K, 97% used [0x00000000dae00000,0x00000000dc3113c0,0x00000000dc380000)
Event: 7.436 GC heap after
Heap after GC invocations=11 (full 1):
 PSYoungGen      total 87040K, used 29655K [0x00000000f5500000, 0x00000000fd480000, 0x0000000100000000)
  eden space 57344K, 0% used [0x00000000f5500000,0x00000000f5500000,0x00000000f8d00000)
  from space 29696K, 99% used [0x00000000fae80000,0x00000000fcb75f18,0x00000000fcb80000)
  to   space 34304K, 0% used [0x00000000f8d00000,0x00000000f8d00000,0x00000000fae80000)
 ParOldGen       total 82432K, used 43518K [0x00000000e0000000, 0x00000000e5080000, 0x00000000f5500000)
  object space 82432K, 52% used [0x00000000e0000000,0x00000000e2a7fa78,0x00000000e5080000)
 PSPermGen       total 22016K, used 21572K [0x00000000dae00000, 0x00000000dc380000, 0x00000000e0000000)
  object space 22016K, 97% used [0x00000000dae00000,0x00000000dc3113c0,0x00000000dc380000)
}
Event: 29.333 GC heap before
{Heap before GC invocations=12 (full 1):
 PSYoungGen      total 87040K, used 86999K [0x00000000f5500000, 0x00000000fd480000, 0x0000000100000000)
  eden space 57344K, 100% used [0x00000000f5500000,0x00000000f8d00000,0x00000000f8d00000)
  from space 29696K, 99% used [0x00000000fae80000,0x00000000fcb75f18,0x00000000fcb80000)
  to   space 34304K, 0% used [0x00000000f8d00000,0x00000000f8d00000,0x00000000fae80000)
 ParOldGen       total 82432K, used 43518K [0x00000000e0000000, 0x00000000e5080000, 0x00000000f5500000)
  object space 82432K, 52% used [0x00000000e0000000,0x00000000e2a7fa78,0x00000000e5080000)
 PSPermGen       total 26624K, used 26509K [0x00000000dae00000, 0x00000000dc800000, 0x00000000e0000000)
  object space 26624K, 99% used [0x00000000dae00000,0x00000000dc7e3780,0x00000000dc800000)
Event: 29.427 GC heap after
Heap after GC invocations=12 (full 1):
 PSYoungGen      total 91648K, used 33748K [0x00000000f5500000, 0x00000000fe180000, 0x0000000100000000)
  eden space 57344K, 0% used [0x00000000f5500000,0x00000000f5500000,0x00000000f8d00000)
  from space 34304K, 98% used [0x00000000f8d00000,0x00000000fadf5388,0x00000000fae80000)
  to   space 39424K, 0% used [0x00000000fbb00000,0x00000000fbb00000,0x00000000fe180000)
 ParOldGen       total 82432K, used 43518K [0x00000000e0000000, 0x00000000e5080000, 0x00000000f5500000)
  object space 82432K, 52% used [0x00000000e0000000,0x00000000e2a7fa78,0x00000000e5080000)
 PSPermGen       total 26624K, used 26509K [0x00000000dae00000, 0x00000000dc800000, 0x00000000e0000000)
  object space 26624K, 99% used [0x00000000dae00000,0x00000000dc7e3780,0x00000000dc800000)
}
Event: 31.199 GC heap before
{Heap before GC invocations=13 (full 1):
 PSYoungGen      total 91648K, used 91092K [0x00000000f5500000, 0x00000000fe180000, 0x0000000100000000)
  eden space 57344K, 100% used [0x00000000f5500000,0x00000000f8d00000,0x00000000f8d00000)
  from space 34304K, 98% used [0x00000000f8d00000,0x00000000fadf5388,0x00000000fae80000)
  to   space 39424K, 0% used [0x00000000fbb00000,0x00000000fbb00000,0x00000000fe180000)
 ParOldGen       total 82432K, used 43518K [0x00000000e0000000, 0x00000000e5080000, 0x00000000f5500000)
  object space 82432K, 52% used [0x00000000e0000000,0x00000000e2a7fa78,0x00000000e5080000)
 PSPermGen       total 30720K, used 30719K [0x00000000dae00000, 0x00000000dcc00000, 0x00000000e0000000)
  object space 30720K, 99% used [0x00000000dae00000,0x00000000dcbffc18,0x00000000dcc00000)
Event: 31.311 GC heap after
Heap after GC invocations=13 (full 1):
 PSYoungGen      total 100352K, used 33149K [0x00000000f5500000, 0x00000000fea80000, 0x0000000100000000)
  eden space 60928K, 0% used [0x00000000f5500000,0x00000000f5500000,0x00000000f9080000)
  from space 39424K, 84% used [0x00000000fbb00000,0x00000000fdb5f6d8,0x00000000fe180000)
  to   space 43520K, 0% used [0x00000000f9080000,0x00000000f9080000,0x00000000fbb00000)
 ParOldGen       total 82432K, used 43518K [0x00000000e0000000, 0x00000000e5080000, 0x00000000f5500000)
  object space 82432K, 52% used [0x00000000e0000000,0x00000000e2a7fa78,0x00000000e5080000)
 PSPermGen       total 30720K, used 30719K [0x00000000dae00000, 0x00000000dcc00000, 0x00000000e0000000)
  object space 30720K, 99% used [0x00000000dae00000,0x00000000dcbffc18,0x00000000dcc00000)
}

Deoptimization events (10 events):
Event: 31.834 Thread 0x0000000009479800 Uncommon trap: reason=bimorphic action=maybe_recompile pc=0x000000000269af2c method=com.sun.org.apache.xerces.internal.impl.XMLDocumentFragmentScannerImpl.scanDocument(Z)Z @ 103
Event: 31.908 Thread 0x0000000009479800 Uncommon trap: reason=bimorphic action=maybe_recompile pc=0x000000000269af2c method=com.sun.org.apache.xerces.internal.impl.XMLDocumentFragmentScannerImpl.scanDocument(Z)Z @ 103
Event: 31.982 Thread 0x0000000009479800 Uncommon trap: reason=bimorphic action=maybe_recompile pc=0x000000000269af2c method=com.sun.org.apache.xerces.internal.impl.XMLDocumentFragmentScannerImpl.scanDocument(Z)Z @ 103
Event: 32.001 Thread 0x0000000009479800 Uncommon trap: reason=null_check action=make_not_entrant pc=0x00000000026abf6c method=com.sun.org.apache.xerces.internal.utils.XMLLimitAnalyzer.isTracking(Ljava/lang/String;)Z @ 14
Event: 32.001 Thread 0x0000000009479800 Uncommon trap: reason=class_check action=maybe_recompile pc=0x000000000268f680 method=com.sun.org.apache.xerces.internal.impl.dtd.XMLDTDValidator.characters(Lcom/sun/org/apache/xerces/internal/xni/XMLString;Lcom/sun/org/apache/xerces/internal/xni/Augmentatnfuþ
Event: 32.001 Thread 0x0000000009479800 Uncommon trap: reason=class_check action=maybe_recompile pc=0x000000000268f7cc method=com.sun.org.apache.xerces.internal.impl.dtd.XMLDTDValidator.characters(Lcom/sun/org/apache/xerces/internal/xni/XMLString;Lcom/sun/org/apache/xerces/internal/xni/Augmentat=DFy!
Event: 32.001 Thread 0x0000000009479800 Uncommon trap: reason=class_check action=maybe_recompile pc=0x000000000268f680 method=com.sun.org.apache.xerces.internal.impl.dtd.XMLDTDValidator.characters(Lcom/sun/org/apache/xerces/internal/xni/XMLString;Lcom/sun/org/apache/xerces/internal/xni/Augmentatý˜|-#
Event: 32.001 Thread 0x0000000009479800 Uncommon trap: reason=class_check action=maybe_recompile pc=0x000000000268f7cc method=com.sun.org.apache.xerces.internal.impl.dtd.XMLDTDValidator.characters(Lcom/sun/org/apache/xerces/internal/xni/XMLString;Lcom/sun/org/apache/xerces/internal/xni/Augmentatò¾áà'	@@
Event: 32.072 Thread 0x0000000009479800 Uncommon trap: reason=bimorphic action=maybe_recompile pc=0x000000000269af2c method=com.sun.org.apache.xerces.internal.impl.XMLDocumentFragmentScannerImpl.scanDocument(Z)Z @ 103
Event: 32.443 Thread 0x0000000009479800 Uncommon trap: reason=unreached action=reinterpret pc=0x000000000266b988 method=com.sun.org.apache.xerces.internal.dom.DeferredDocumentImpl.clearChunkIndex([[III)I @ 3

Internal exceptions (10 events):
Event: 30.981 Thread 0x0000000009479800 Threw 0x00000000f8957f60 at C:\re\jdk7u67\1368\hotspot\src\share\vm\prims\jvm.cpp:1244
Event: 30.984 Thread 0x0000000009479800 Threw 0x00000000f8975f78 at C:\re\jdk7u67\1368\hotspot\src\share\vm\prims\jvm.cpp:1244
Event: 30.986 Thread 0x0000000009479800 Threw 0x00000000f8985630 at C:\re\jdk7u67\1368\hotspot\src\share\vm\prims\jvm.cpp:1244
Event: 30.992 Thread 0x0000000009479800 Threw 0x00000000f89950d0 at C:\re\jdk7u67\1368\hotspot\src\share\vm\prims\jvm.cpp:1244
Event: 30.996 Thread 0x0000000009479800 Threw 0x00000000f89a8430 at C:\re\jdk7u67\1368\hotspot\src\share\vm\prims\jvm.cpp:1244
Event: 31.057 Thread 0x0000000009479800 Threw 0x00000000f8b98bc8 at C:\re\jdk7u67\1368\hotspot\src\share\vm\prims\jvm.cpp:1244
Event: 31.060 Thread 0x0000000009479800 Threw 0x00000000f8ba9288 at C:\re\jdk7u67\1368\hotspot\src\share\vm\prims\jvm.cpp:1244
Event: 31.616 Thread 0x0000000009479800 Threw 0x00000000f5a530a0 at C:\re\jdk7u67\1368\hotspot\src\share\vm\prims\jvm.cpp:1244
Event: 32.001 Thread 0x0000000009479800 Implicit null exception at 0x00000000026a95a3 to 0x00000000026abf59
Event: 32.443 Thread 0x0000000009479800 Implicit null exception at 0x000000000266b8ca to 0x000000000266b971

Events (10 events):
Event: 32.417 Thread 0x00000000086b3800 flushing nmethod 0x00000000026f0410
Event: 32.417 Thread 0x00000000086b3800 flushing nmethod 0x00000000026f3090
Event: 32.417 Thread 0x00000000086b3800 flushing nmethod 0x00000000026f78d0
Event: 32.433 Thread 0x00000000086b3800 flushing nmethod 0x00000000026fae10
Event: 32.433 Thread 0x00000000086b3800 flushing nmethod 0x00000000026fe8d0
Event: 32.443 Thread 0x0000000009479800 Uncommon trap: trap_request=0xffffffad fr.pc=0x000000000266b988
Event: 32.443 Thread 0x0000000009479800 DEOPT PACKING pc=0x000000000266b988 sp=0x000000000b12c0e0
Event: 32.443 Thread 0x0000000009479800 DEOPT UNPACKING pc=0x00000000025675a4 sp=0x000000000b12c090 mode 2
Event: 32.635 Executing VM operation: BulkRevokeBias
Event: 32.635 Executing VM operation: BulkRevokeBias done


Dynamic libraries:
0x00007ff6d1340000 - 0x00007ff6d1373000 	C:\Program Files\Java\jdk1.7.0_67\bin\javaw.exe
0x00007ffc58530000 - 0x00007ffc586d6000 	C:\WINDOWS\SYSTEM32\ntdll.dll
0x00007ffc56040000 - 0x00007ffc5617a000 	C:\WINDOWS\system32\KERNEL32.DLL
0x00007ffc55c50000 - 0x00007ffc55d5f000 	C:\WINDOWS\system32\KERNELBASE.dll
0x00007ffc539c0000 - 0x00007ffc53a48000 	C:\WINDOWS\system32\apphelp.dll
0x00007ffc37080000 - 0x00007ffc370cf000 	C:\WINDOWS\AppPatch\AppPatch64\AcGenral.DLL
0x00007ffc580a0000 - 0x00007ffc58147000 	C:\WINDOWS\system32\msvcrt.dll
0x00007ffc55630000 - 0x00007ffc5565b000 	C:\WINDOWS\SYSTEM32\SspiCli.dll
0x00007ffc578a0000 - 0x00007ffc578f1000 	C:\WINDOWS\system32\SHLWAPI.dll
0x00007ffc561e0000 - 0x00007ffc56351000 	C:\WINDOWS\system32\USER32.dll
0x00007ffc57ae0000 - 0x00007ffc57c58000 	C:\WINDOWS\system32\ole32.dll
0x00007ffc56490000 - 0x00007ffc5789f000 	C:\WINDOWS\system32\SHELL32.dll
0x00007ffc549c0000 - 0x00007ffc549de000 	C:\WINDOWS\SYSTEM32\USERENV.dll
0x00007ffc57ff0000 - 0x00007ffc58095000 	C:\WINDOWS\system32\ADVAPI32.dll
0x00007ffc47b10000 - 0x00007ffc47b2b000 	C:\WINDOWS\SYSTEM32\MPR.dll
0x00007ffc57cb0000 - 0x00007ffc57de7000 	C:\WINDOWS\system32\RPCRT4.dll
0x00007ffc58470000 - 0x00007ffc584c7000 	C:\WINDOWS\SYSTEM32\sechost.dll
0x00007ffc57df0000 - 0x00007ffc57fc6000 	C:\WINDOWS\SYSTEM32\combase.dll
0x00007ffc55ef0000 - 0x00007ffc56034000 	C:\WINDOWS\system32\GDI32.dll
0x00007ffc558a0000 - 0x00007ffc558b4000 	C:\WINDOWS\SYSTEM32\profapi.dll
0x00007ffc54f00000 - 0x00007ffc54f9f000 	C:\WINDOWS\SYSTEM32\SHCORE.dll
0x00007ffc57c70000 - 0x00007ffc57ca4000 	C:\WINDOWS\system32\IMM32.DLL
0x00007ffc55db0000 - 0x00007ffc55ee9000 	C:\WINDOWS\system32\MSCTF.dll
0x00007ffc55310000 - 0x00007ffc5556a000 	C:\WINDOWS\WinSxS\amd64_microsoft.windows.common-controls_6595b64144ccf1df_6.0.9600.17031_none_6242a4b3ecbb55a1\COMCTL32.dll
0x000000005aee0000 - 0x000000005afb2000 	C:\Program Files\Java\jdk1.7.0_67\jre\bin\msvcr100.dll
0x000000005a700000 - 0x000000005aed2000 	C:\Program Files\Java\jdk1.7.0_67\jre\bin\server\jvm.dll
0x00007ffc4d6f0000 - 0x00007ffc4d6f9000 	C:\WINDOWS\SYSTEM32\WSOCK32.dll
0x00007ffc529c0000 - 0x00007ffc529df000 	C:\WINDOWS\SYSTEM32\WINMM.dll
0x00007ffc56360000 - 0x00007ffc56367000 	C:\WINDOWS\system32\PSAPI.DLL
0x00007ffc56180000 - 0x00007ffc561d8000 	C:\WINDOWS\system32\WS2_32.dll
0x00007ffc52990000 - 0x00007ffc529ba000 	C:\WINDOWS\SYSTEM32\WINMMBASE.dll
0x00007ffc57c60000 - 0x00007ffc57c69000 	C:\WINDOWS\system32\NSI.dll
0x00007ffc55b50000 - 0x00007ffc55b9a000 	C:\WINDOWS\SYSTEM32\cfgmgr32.dll
0x00007ffc53c40000 - 0x00007ffc53c66000 	C:\WINDOWS\SYSTEM32\DEVOBJ.dll
0x000000005a6f0000 - 0x000000005a6ff000 	C:\Program Files\Java\jdk1.7.0_67\jre\bin\verify.dll
0x000000005a6c0000 - 0x000000005a6e8000 	C:\Program Files\Java\jdk1.7.0_67\jre\bin\java.dll
0x000000005a090000 - 0x000000005a0b3000 	C:\Program Files\Java\jdk1.7.0_67\jre\bin\instrument.dll
0x000000005a6a0000 - 0x000000005a6b5000 	C:\Program Files\Java\jdk1.7.0_67\jre\bin\zip.dll
0x000000005a680000 - 0x000000005a699000 	C:\Program Files\Java\jdk1.7.0_67\jre\bin\net.dll
0x00007ffc54c10000 - 0x00007ffc54c68000 	C:\WINDOWS\system32\mswsock.dll
0x00007ffc54a20000 - 0x00007ffc54ac3000 	C:\WINDOWS\SYSTEM32\DNSAPI.dll
0x000000005bed0000 - 0x000000005bef6000 	C:\Program Files\Bonjour\mdnsNSP.dll
0x00007ffc4fe00000 - 0x00007ffc4fe29000 	C:\WINDOWS\SYSTEM32\Iphlpapi.DLL
0x00007ffc4fde0000 - 0x00007ffc4fdea000 	C:\WINDOWS\SYSTEM32\WINNSI.DLL
0x0000000063560000 - 0x0000000063569000 	C:\Program Files\National Instruments\Shared\mDNS Responder\nimdnsNSP.dll
0x0000000063550000 - 0x000000006355e000 	C:\WINDOWS\SYSTEM32\nimdnsResponder.dll
0x000000005be20000 - 0x000000005bec3000 	C:\WINDOWS\WinSxS\amd64_microsoft.vc90.crt_1fc8b3b9a1e18e3b_9.0.30729.8387_none_08e793bfa83a89b5\MSVCR90.dll
0x00007ffc47fe0000 - 0x00007ffc47fe9000 	C:\Windows\System32\rasadhlp.dll
0x00007ffc4f930000 - 0x00007ffc4f998000 	C:\WINDOWS\System32\fwpuclnt.dll
0x00007ffc54c70000 - 0x00007ffc54c8e000 	C:\WINDOWS\SYSTEM32\CRYPTSP.dll
0x00007ffc548b0000 - 0x00007ffc548e5000 	C:\WINDOWS\system32\rsaenh.dll
0x00007ffc54eb0000 - 0x00007ffc54ed6000 	C:\WINDOWS\SYSTEM32\bcrypt.dll
0x00007ffc55660000 - 0x00007ffc556c0000 	C:\WINDOWS\system32\bcryptprimitives.dll
0x00007ffc556c0000 - 0x00007ffc556ca000 	C:\WINDOWS\SYSTEM32\CRYPTBASE.dll
0x00007ffc4f9c0000 - 0x00007ffc4f9d4000 	C:\WINDOWS\SYSTEM32\dhcpcsvc6.DLL
0x00007ffc4f9a0000 - 0x00007ffc4f9b9000 	C:\WINDOWS\SYSTEM32\dhcpcsvc.DLL
0x000000005a660000 - 0x000000005a671000 	C:\Program Files\Java\jdk1.7.0_67\jre\bin\nio.dll
0x00007ffc468a0000 - 0x00007ffc468b4000 	C:\WINDOWS\system32\napinsp.dll
0x00007ffc468c0000 - 0x00007ffc468d9000 	C:\WINDOWS\system32\pnrpnsp.dll
0x00007ffc52670000 - 0x00007ffc52689000 	C:\WINDOWS\system32\NLAapi.dll
0x00007ffc47420000 - 0x00007ffc4742c000 	C:\WINDOWS\System32\winrnr.dll
0x00007ffc468e0000 - 0x00007ffc468f3000 	C:\WINDOWS\system32\wshbth.dll
0x00007ffc3a020000 - 0x00007ffc3a1a8000 	C:\WINDOWS\SYSTEM32\dbghelp.dll

VM Arguments:
jvm_args: -Ddatastore.default_high_rep_job_policy_unapplied_job_pct=50 -Xmx512m -javaagent:C:\Users\miga\Desktop\eclipse\plugins\com.google.appengine.eclipse.sdkbundle_1.9.10\appengine-java-sdk-1.9.10\lib\agent\appengine-agent.jar -Dfile.encoding=Cp1252 
java_command: com.google.gwt.dev.DevMode -remoteUI 49853:1419422021411 -startupUrl index.jsp -logLevel INFO -codeServerPort 9997 -port 8888 -server com.google.appengine.tools.development.gwt.AppEngineLauncher -war C:\Users\miga\workspace\PitchProject\war pitch.PitchProject pitch.Pitch
Launcher Type: SUN_STANDARD

Environment Variables:
PATH=C:\ProgramData\Oracle\Java\javapath;C:\Program Files (x86)\Intel\iCLS Client\;C:\Program Files\Intel\iCLS Client\;C:\WINDOWS\system32;C:\WINDOWS;C:\WINDOWS\System32\Wbem;C:\WINDOWS\System32\WindowsPowerShell\v1.0\;C:\Program Files\Intel\Intel(R) Management Engine Components\DAL;C:\Program Files\Intel\Intel(R) Management Engine Components\IPT;C:\Program Files (x86)\Intel\Intel(R) Management Engine Components\DAL;C:\Program Files (x86)\Intel\Intel(R) Management Engine Components\IPT;C:\Program Files (x86)\QuickTime\QTSystem\;C:\Program Files (x86)\PharosSystems\Core;C:\Program Files (x86)\Windows Kits\8.1\Windows Performance Toolkit\;C:\Program Files (x86)\Microsoft SDKs\TypeScript\1.0\;C:\Program Files\TortoiseGit\bin
USERNAME=miga
OS=Windows_NT
PROCESSOR_IDENTIFIER=Intel64 Family 6 Model 58 Stepping 9, GenuineIntel



---------------  S Y S T E M  ---------------

OS: Windows 8.1 , 64 bit Build 9600 

CPU:total 4 (2 cores per cpu, 2 threads per core) family 6 model 58 stepping 9, cmov, cx8, fxsr, mmx, sse, sse2, sse3, ssse3, sse4.1, sse4.2, popcnt, avx, aes, erms, ht, tsc, tscinvbit, tscinv

Memory: 4k page, physical 4066552k(1279140k free), swap 8260888k(4482548k free)

vm_info: Java HotSpot(TM) 64-Bit Server VM (24.65-b04) for windows-amd64 JRE (1.7.0_67-b01), built on Jul 25 2014 08:55:00 by "java_re" with unknown MS VC++:1600

time: Sun Nov 23 19:55:17 2014
elapsed time: 32 seconds

