#
# A fatal error has been detected by the Java Runtime Environment:
#
#  EXCEPTION_ACCESS_VIOLATION (0xc0000005) at pc=0x00000000601f1d02, pid=8328, tid=5428
#
# JRE version: Java(TM) SE Runtime Environment (7.0_67-b01) (build 1.7.0_67-b01)
# Java VM: Java HotSpot(TM) 64-Bit Server VM (24.65-b04 mixed mode windows-amd64 compressed oops)
# Problematic frame:
# V  [jvm.dll+0x391d02]
#
# Failed to write core dump. Minidumps are not enabled by default on client versions of Windows
#
# If you would like to submit a bug report, please visit:
#   http://bugreport.sun.com/bugreport/crash.jsp
#

---------------  T H R E A D  ---------------

Current thread (0x00000000021cd800):  GCTaskThread [stack: 0x0000000005750000,0x0000000005850000] [id=5428]

siginfo: ExceptionCode=0xc0000005, reading address 0x00000000da948f10

Registers:
RAX=0x00000000da948ef8, RBX=0x00000000053add70, RCX=0x0000000000000000, RDX=0x00000000e29999f8
RSP=0x000000000584f810, RBP=0x00000000053add81, RSI=0x00000000e29ae000, RDI=0x00000000e29acf40
R8 =0x00000000e29acf28, R9 =0x0000000000000003, R10=0x00000000054a0000, R11=0x0000000004da0000
R12=0x00000000053add5f, R13=0x0000000006e711a0, R14=0x00000000021c4590, R15=0x000000000000000c
RIP=0x00000000601f1d02, EFLAGS=0x0000000000010202

Top of Stack: (sp=0x000000000584f810)
0x000000000584f810:   00000000053add70 00000000053add81
0x000000000584f820:   00000000e29ae000 00000000e29a5f71
0x000000000584f830:   00000000053adc00 00000000053ae8cf
0x000000000584f840:   0000000000000200 0000000000000100
0x000000000584f850:   00000000021b2260 00000000021cc250
0x000000000584f860:   00000000604262c8 0000000000000000
0x000000000584f870:   0000000000000000 0000000006d854c0
0x000000000584f880:   00000000021cdfc0 00000000021cdfb0
0x000000000584f890:   0000000006e711a0 0000000060205c72
0x000000000584f8a0:   00000000053add00 00000000021c46e0
0x000000000584f8b0:   00000000e29b0008 00000000e2b19db8
0x000000000584f8c0:   0000000006e711a0 0000000000000002
0x000000000584f8d0:   0000000000000004 00000000021c4810
0x000000000584f8e0:   0000000006d854c0 00000000601f374e
0x000000000584f8f0:   00000000021cd800 0000000000000000
0x000000000584f900:   0000000000000000 0000000000000000 

Instructions: (pc=0x00000000601f1d02)
0x00000000601f1ce2:   b1 22 3c 00 00 74 15 8b 47 08 8b 0d c6 2b 36 00
0x00000000601f1cf2:   48 d3 e0 48 03 05 b4 2b 36 00 eb 04 48 8b 47 08
0x00000000601f1d02:   81 78 18 00 00 00 c0 48 8d 48 10 73 0f 48 8b 01
0x00000000601f1d12:   4c 8b c7 49 8b d5 ff 90 d8 00 00 00 80 3d 73 22 


Register to memory mapping:

RAX=0x00000000da948ef8 is an unknown value
RBX=0x00000000053add70 is an unknown value
RCX=0x0000000000000000 is an unknown value
RDX=0x00000000e29999f8 is an oop
com.google.gwt.dev.jjs.SourceOrigin 
 - klass: 'com/google/gwt/dev/jjs/SourceOrigin'
RSP=0x000000000584f810 is an unknown value
RBP=0x00000000053add81 is an unknown value
RSI=0x00000000e29ae000 is pointing into object: 0x00000000e29adff0
com.google.gwt.dev.js.ast.JsStringLiteral 
 - klass: 'com/google/gwt/dev/js/ast/JsStringLiteral'
RDI=
[error occurred during error reporting (printing register info), id 0xc0000005]

Stack: [0x0000000005750000,0x0000000005850000],  sp=0x000000000584f810,  free space=1022k
Native frames: (J=compiled Java code, j=interpreted, Vv=VM code, C=native code)
V  [jvm.dll+0x391d02]


---------------  P R O C E S S  ---------------

Java Threads: ( => current thread )
  0x00000000090cb000 JavaThread "891539107@qtp-1394100169-1" [_thread_blocked, id=3004, stack(0x000000000abe0000,0x000000000ace0000)]
  0x00000000090e0000 JavaThread "1533235105@qtp-1394100169-0" [_thread_blocked, id=6364, stack(0x0000000009a10000,0x0000000009b10000)]
  0x000000000938e000 JavaThread "Keep-Alive-Timer" daemon [_thread_blocked, id=9132, stack(0x000000000aed0000,0x000000000afd0000)]
  0x0000000008c49800 JavaThread "Code server listener" daemon [_thread_in_native, id=8760, stack(0x000000000ace0000,0x000000000ade0000)]
  0x0000000009058800 JavaThread "pool-1-thread-1" [_thread_blocked, id=1028, stack(0x000000000aae0000,0x000000000abe0000)]
  0x0000000008dce000 JavaThread "Thread-2" daemon [_thread_blocked, id=8552, stack(0x0000000009910000,0x0000000009a10000)]
  0x000000000866b000 JavaThread "Thread-1" [_thread_in_native, id=2340, stack(0x00000000094e0000,0x00000000095e0000)]
  0x0000000006edc000 JavaThread "Service Thread" daemon [_thread_blocked, id=5980, stack(0x0000000008a30000,0x0000000008b30000)]
  0x000000000853e000 JavaThread "C2 CompilerThread1" daemon [_thread_blocked, id=8680, stack(0x0000000008930000,0x0000000008a30000)]
  0x000000000853b800 JavaThread "C2 CompilerThread0" daemon [_thread_blocked, id=3340, stack(0x0000000008830000,0x0000000008930000)]
  0x00000000022ad800 JavaThread "Attach Listener" daemon [_thread_blocked, id=6572, stack(0x0000000008330000,0x0000000008430000)]
  0x0000000006e96800 JavaThread "Signal Dispatcher" daemon [_thread_blocked, id=6612, stack(0x0000000008230000,0x0000000008330000)]
  0x000000000229a800 JavaThread "Finalizer" daemon [_thread_blocked, id=4580, stack(0x0000000008130000,0x0000000008230000)]
  0x0000000002292800 JavaThread "Reference Handler" daemon [_thread_blocked, id=188, stack(0x0000000008030000,0x0000000008130000)]
  0x00000000021b3800 JavaThread "main" [_thread_blocked, id=5688, stack(0x0000000001f30000,0x0000000002030000)]

Other Threads:
  0x0000000006e73800 VMThread [stack: 0x0000000007f30000,0x0000000008030000] [id=6608]
  0x000000000854c000 WatcherThread [stack: 0x0000000008b30000,0x0000000008c30000] [id=8796]

=>0x00000000021cd800 (exited) GCTaskThread [stack: 0x0000000005750000,0x0000000005850000] [id=5428]

VM state:at safepoint (normal execution)

VM Mutex/Monitor currently owned by a thread:  ([mutex/lock_event])
[0x00000000021b01d0] Threads_lock - owner thread: 0x0000000006e73800
[0x00000000021b0350] Heap_lock - owner thread: 0x00000000021b3800

Heap
 PSYoungGen      total 79360K, used 79328K [0x00000000f5500000, 0x00000000fce00000, 0x0000000100000000)
  eden space 55296K, 100% used [0x00000000f5500000,0x00000000f8b00000,0x00000000f8b00000)
  from space 24064K, 99% used [0x00000000f8b00000,0x00000000fa278060,0x00000000fa280000)
  to   space 29696K, 92% used [0x00000000fb100000,0x00000000fcbdcd00,0x00000000fce00000)
 ParOldGen       total 82432K, used 44143K [0x00000000e0000000, 0x00000000e5080000, 0x00000000f5500000)
  object space 82432K, 53% used [0x00000000e0000000,0x00000000e2b1bdb8,0x00000000e5080000)
 PSPermGen       total 22016K, used 21813K [0x00000000dae00000, 0x00000000dc380000, 0x00000000e0000000)
  object space 22016K, 99% used [0x00000000dae00000,0x00000000dc34d558,0x00000000dc380000)

Card table byte_map: [0x0000000005370000,0x00000000054a0000] byte_map_base: 0x0000000004c99000

Polling page: 0x00000000006e0000

Code Cache  [0x00000000022b0000, 0x0000000002520000, 0x00000000052b0000)
 total_blobs=839 nmethods=525 adapters=265 free_code_cache=47408Kb largest_free_block=48498560

Compilation events (10 events):
Event: 7.587 Thread 0x000000000853b800  548             com.google.appengine.repackaged.org.objectweb.asm.ClassReader::readLabel (20 bytes)
Event: 7.590 Thread 0x000000000853b800 nmethod 548 0x000000000244e910 code [0x000000000244ea60, 0x000000000244eb78]
Event: 7.599 Thread 0x000000000853e000  549             java.util.zip.ZipFile::access$000 (5 bytes)
Event: 7.599 Thread 0x000000000853b800  550             com.google.appengine.repackaged.org.objectweb.asm.MethodWriter::visitLabel (281 bytes)
Event: 7.599 Thread 0x000000000853e000 nmethod 549 0x000000000244e710 code [0x000000000244e840, 0x000000000244e898]
Event: 7.603 Thread 0x000000000853e000  551             com.google.appengine.repackaged.org.objectweb.asm.Type::getType (9 bytes)
Event: 7.606 Thread 0x000000000853e000 nmethod 551 0x000000000244e350 code [0x000000000244e4a0, 0x000000000244e5e8]
Event: 7.606 Thread 0x000000000853e000  552             com.google.appengine.repackaged.org.objectweb.asm.commons.LocalVariablesSorter::visitLocalVariable (29 bytes)
Event: 7.608 Thread 0x000000000853e000 nmethod 552 0x000000000245a4d0 code [0x000000000245a640, 0x000000000245a818]
Event: 7.616 Thread 0x000000000853b800 nmethod 550 0x0000000002371e90 code [0x0000000002372000, 0x00000000023726e8]

GC Heap History (10 events):
Event: 2.943 GC heap after
Heap after GC invocations=6 (full 1):
 PSYoungGen      total 35328K, used 0K [0x00000000f5500000, 0x00000000fbe00000, 0x0000000100000000)
  eden space 32768K, 0% used [0x00000000f5500000,0x00000000f5500000,0x00000000f7500000)
  from space 2560K, 0% used [0x00000000f7500000,0x00000000f7500000,0x00000000f7780000)
  to   space 20992K, 0% used [0x00000000fa980000,0x00000000fa980000,0x00000000fbe00000)
 ParOldGen       total 82432K, used 38078K [0x00000000e0000000, 0x00000000e5080000, 0x00000000f5500000)
  object space 82432K, 46% used [0x00000000e0000000,0x00000000e252f8e0,0x00000000e5080000)
 PSPermGen       total 21504K, used 9265K [0x00000000dae00000, 0x00000000dc300000, 0x00000000e0000000)
  object space 21504K, 43% used [0x00000000dae00000,0x00000000db70c578,0x00000000dc300000)
}
Event: 3.646 GC heap before
{Heap before GC invocations=7 (full 1):
 PSYoungGen      total 35328K, used 32768K [0x00000000f5500000, 0x00000000fbe00000, 0x0000000100000000)
  eden space 32768K, 100% used [0x00000000f5500000,0x00000000f7500000,0x00000000f7500000)
  from space 2560K, 0% used [0x00000000f7500000,0x00000000f7500000,0x00000000f7780000)
  to   space 20992K, 0% used [0x00000000fa980000,0x00000000fa980000,0x00000000fbe00000)
 ParOldGen       total 82432K, used 38078K [0x00000000e0000000, 0x00000000e5080000, 0x00000000f5500000)
  object space 82432K, 46% used [0x00000000e0000000,0x00000000e252f8e0,0x00000000e5080000)
 PSPermGen       total 21504K, used 12279K [0x00000000dae00000, 0x00000000dc300000, 0x00000000e0000000)
  object space 21504K, 57% used [0x00000000dae00000,0x00000000db9fddd8,0x00000000dc300000)
Event: 3.654 GC heap after
Heap after GC invocations=7 (full 1):
 PSYoungGen      total 49152K, used 4187K [0x00000000f5500000, 0x00000000fae00000, 0x0000000100000000)
  eden space 44544K, 0% used [0x00000000f5500000,0x00000000f5500000,0x00000000f8080000)
  from space 4608K, 90% used [0x00000000fa980000,0x00000000fad96c30,0x00000000fae00000)
  to   space 20480K, 0% used [0x00000000f8600000,0x00000000f8600000,0x00000000f9a00000)
 ParOldGen       total 82432K, used 38078K [0x00000000e0000000, 0x00000000e5080000, 0x00000000f5500000)
  object space 82432K, 46% used [0x00000000e0000000,0x00000000e252f8e0,0x00000000e5080000)
 PSPermGen       total 21504K, used 12279K [0x00000000dae00000, 0x00000000dc300000, 0x00000000e0000000)
  object space 21504K, 57% used [0x00000000dae00000,0x00000000db9fddd8,0x00000000dc300000)
}
Event: 4.332 GC heap before
{Heap before GC invocations=8 (full 1):
 PSYoungGen      total 49152K, used 48731K [0x00000000f5500000, 0x00000000fae00000, 0x0000000100000000)
  eden space 44544K, 100% used [0x00000000f5500000,0x00000000f8080000,0x00000000f8080000)
  from space 4608K, 90% used [0x00000000fa980000,0x00000000fad96c30,0x00000000fae00000)
  to   space 20480K, 0% used [0x00000000f8600000,0x00000000f8600000,0x00000000f9a00000)
 ParOldGen       total 82432K, used 38078K [0x00000000e0000000, 0x00000000e5080000, 0x00000000f5500000)
  object space 82432K, 46% used [0x00000000e0000000,0x00000000e252f8e0,0x00000000e5080000)
 PSPermGen       total 21504K, used 12740K [0x00000000dae00000, 0x00000000dc300000, 0x00000000e0000000)
  object space 21504K, 59% used [0x00000000dae00000,0x00000000dba71378,0x00000000dc300000)
Event: 4.355 GC heap after
Heap after GC invocations=8 (full 1):
 PSYoungGen      total 70656K, used 10809K [0x00000000f5500000, 0x00000000fb600000, 0x0000000100000000)
  eden space 50176K, 0% used [0x00000000f5500000,0x00000000f5500000,0x00000000f8600000)
  from space 20480K, 52% used [0x00000000f8600000,0x00000000f908e7f0,0x00000000f9a00000)
  to   space 19968K, 0% used [0x00000000fa280000,0x00000000fa280000,0x00000000fb600000)
 ParOldGen       total 82432K, used 38078K [0x00000000e0000000, 0x00000000e5080000, 0x00000000f5500000)
  object space 82432K, 46% used [0x00000000e0000000,0x00000000e252f8e0,0x00000000e5080000)
 PSPermGen       total 21504K, used 12740K [0x00000000dae00000, 0x00000000dc300000, 0x00000000e0000000)
  object space 21504K, 59% used [0x00000000dae00000,0x00000000dba71378,0x00000000dc300000)
}
Event: 5.455 GC heap before
{Heap before GC invocations=9 (full 1):
 PSYoungGen      total 70656K, used 60985K [0x00000000f5500000, 0x00000000fb600000, 0x0000000100000000)
  eden space 50176K, 100% used [0x00000000f5500000,0x00000000f8600000,0x00000000f8600000)
  from space 20480K, 52% used [0x00000000f8600000,0x00000000f908e7f0,0x00000000f9a00000)
  to   space 19968K, 0% used [0x00000000fa280000,0x00000000fa280000,0x00000000fb600000)
 ParOldGen       total 82432K, used 38078K [0x00000000e0000000, 0x00000000e5080000, 0x00000000f5500000)
  object space 82432K, 46% used [0x00000000e0000000,0x00000000e252f8e0,0x00000000e5080000)
 PSPermGen       total 21504K, used 17711K [0x00000000dae00000, 0x00000000dc300000, 0x00000000e0000000)
  object space 21504K, 82% used [0x00000000dae00000,0x00000000dbf4bfc8,0x00000000dc300000)
Event: 5.485 GC heap after
Heap after GC invocations=9 (full 1):
 PSYoungGen      total 75264K, used 19957K [0x00000000f5500000, 0x00000000fc380000, 0x0000000100000000)
  eden space 55296K, 0% used [0x00000000f5500000,0x00000000f5500000,0x00000000f8b00000)
  from space 19968K, 99% used [0x00000000fa280000,0x00000000fb5fd6b0,0x00000000fb600000)
  to   space 24064K, 0% used [0x00000000f8b00000,0x00000000f8b00000,0x00000000fa280000)
 ParOldGen       total 82432K, used 39931K [0x00000000e0000000, 0x00000000e5080000, 0x00000000f5500000)
  object space 82432K, 48% used [0x00000000e0000000,0x00000000e26fef40,0x00000000e5080000)
 PSPermGen       total 21504K, used 17711K [0x00000000dae00000, 0x00000000dc300000, 0x00000000e0000000)
  object space 21504K, 82% used [0x00000000dae00000,0x00000000dbf4bfc8,0x00000000dc300000)
}
Event: 6.669 GC heap before
{Heap before GC invocations=10 (full 1):
 PSYoungGen      total 75264K, used 75253K [0x00000000f5500000, 0x00000000fc380000, 0x0000000100000000)
  eden space 55296K, 100% used [0x00000000f5500000,0x00000000f8b00000,0x00000000f8b00000)
  from space 19968K, 99% used [0x00000000fa280000,0x00000000fb5fd6b0,0x00000000fb600000)
  to   space 24064K, 0% used [0x00000000f8b00000,0x00000000f8b00000,0x00000000fa280000)
 ParOldGen       total 82432K, used 39931K [0x00000000e0000000, 0x00000000e5080000, 0x00000000f5500000)
  object space 82432K, 48% used [0x00000000e0000000,0x00000000e26fef40,0x00000000e5080000)
 PSPermGen       total 21504K, used 20154K [0x00000000dae00000, 0x00000000dc300000, 0x00000000e0000000)
  object space 21504K, 93% used [0x00000000dae00000,0x00000000dc1ae8e8,0x00000000dc300000)
Event: 6.706 GC heap after
Heap after GC invocations=10 (full 1):
 PSYoungGen      total 79360K, used 24032K [0x00000000f5500000, 0x00000000fce00000, 0x0000000100000000)
  eden space 55296K, 0% used [0x00000000f5500000,0x00000000f5500000,0x00000000f8b00000)
  from space 24064K, 99% used [0x00000000f8b00000,0x00000000fa278060,0x00000000fa280000)
  to   space 29696K, 0% used [0x00000000fb100000,0x00000000fb100000,0x00000000fce00000)
 ParOldGen       total 82432K, used 44135K [0x00000000e0000000, 0x00000000e5080000, 0x00000000f5500000)
  object space 82432K, 53% used [0x00000000e0000000,0x00000000e2b19db8,0x00000000e5080000)
 PSPermGen       total 21504K, used 20154K [0x00000000dae00000, 0x00000000dc300000, 0x00000000e0000000)
  object space 21504K, 93% used [0x00000000dae00000,0x00000000dc1ae8e8,0x00000000dc300000)
}
Event: 7.629 GC heap before
{Heap before GC invocations=11 (full 1):
 PSYoungGen      total 79360K, used 79328K [0x00000000f5500000, 0x00000000fce00000, 0x0000000100000000)
  eden space 55296K, 100% used [0x00000000f5500000,0x00000000f8b00000,0x00000000f8b00000)
  from space 24064K, 99% used [0x00000000f8b00000,0x00000000fa278060,0x00000000fa280000)
  to   space 29696K, 0% used [0x00000000fb100000,0x00000000fb100000,0x00000000fce00000)
 ParOldGen       total 82432K, used 44135K [0x00000000e0000000, 0x00000000e5080000, 0x00000000f5500000)
  object space 82432K, 53% used [0x00000000e0000000,0x00000000e2b19db8,0x00000000e5080000)
 PSPermGen       total 22016K, used 21813K [0x00000000dae00000, 0x00000000dc380000, 0x00000000e0000000)
  object space 22016K, 99% used [0x00000000dae00000,0x00000000dc34d558,0x00000000dc380000)

Deoptimization events (10 events):
Event: 6.246 Thread 0x00000000021b3800 Uncommon trap: reason=class_check action=maybe_recompile pc=0x00000000023a4864 method=java.io.BufferedInputStream.read([BII)I @ 101
Event: 6.557 Thread 0x0000000009058800 Uncommon trap: reason=unloaded action=reinterpret pc=0x00000000023ab73c method=java.io.ObjectInputStream$BlockDataInputStream.peekByte()B @ 9
Event: 6.565 Thread 0x0000000009058800 Uncommon trap: reason=array_check action=maybe_recompile pc=0x000000000241aed8 method=java.util.Arrays.fill([Ljava/lang/Object;IILjava/lang/Object;)V @ 20
Event: 6.565 Thread 0x0000000009058800 Uncommon trap: reason=array_check action=maybe_recompile pc=0x000000000241aed8 method=java.util.Arrays.fill([Ljava/lang/Object;IILjava/lang/Object;)V @ 20
Event: 6.565 Thread 0x0000000009058800 Uncommon trap: reason=array_check action=maybe_recompile pc=0x000000000241aed8 method=java.util.Arrays.fill([Ljava/lang/Object;IILjava/lang/Object;)V @ 20
Event: 6.565 Thread 0x0000000009058800 Uncommon trap: reason=array_check action=maybe_recompile pc=0x000000000241aed8 method=java.util.Arrays.fill([Ljava/lang/Object;IILjava/lang/Object;)V @ 20
Event: 6.580 Thread 0x0000000009058800 Uncommon trap: reason=unreached action=reinterpret pc=0x00000000023e4184 method=java.io.ObjectInputStream.defaultReadFields(Ljava/lang/Object;Ljava/io/ObjectStreamClass;)V @ 39
Event: 6.605 Thread 0x0000000009058800 Uncommon trap: reason=unloaded action=reinterpret pc=0x000000000238ec84 method=java.io.ObjectInputStream$BlockDataInputStream.peekByte()B @ 9
Event: 6.815 Thread 0x00000000021b3800 Uncommon trap: reason=uninitialized action=reinterpret pc=0x00000000023ef238 method=com.google.appengine.tools.development.agent.impl.BlackList.initBlackList()V @ 162
Event: 7.091 Thread 0x0000000009058800 Uncommon trap: reason=class_check action=maybe_recompile pc=0x0000000002341bac method=java.util.concurrent.locks.AbstractQueuedSynchronizer.release(I)Z @ 2

Internal exceptions (10 events):
Event: 6.860 Thread 0x0000000009058800 Threw 0x00000000f65ba480 at C:\re\jdk7u67\1368\hotspot\src\share\vm\prims\jvm.cpp:1244
Event: 6.863 Thread 0x0000000009058800 Threw 0x00000000f65c4de8 at C:\re\jdk7u67\1368\hotspot\src\share\vm\prims\jvm.cpp:1244
Event: 6.866 Thread 0x0000000009058800 Threw 0x00000000f65ced60 at C:\re\jdk7u67\1368\hotspot\src\share\vm\prims\jvm.cpp:1244
Event: 6.869 Thread 0x0000000009058800 Threw 0x00000000f65d9328 at C:\re\jdk7u67\1368\hotspot\src\share\vm\prims\jvm.cpp:1244
Event: 6.898 Thread 0x00000000021b3800 Threw 0x00000000f6b098b8 at C:\re\jdk7u67\1368\hotspot\src\share\vm\prims\jvm.cpp:1244
Event: 6.900 Thread 0x00000000021b3800 Threw 0x00000000f6b108a8 at C:\re\jdk7u67\1368\hotspot\src\share\vm\prims\jvm.cpp:1244
Event: 6.901 Thread 0x00000000021b3800 Threw 0x00000000f6b15440 at C:\re\jdk7u67\1368\hotspot\src\share\vm\prims\jvm.cpp:1244
Event: 6.903 Thread 0x00000000021b3800 Threw 0x00000000f6b1c270 at C:\re\jdk7u67\1368\hotspot\src\share\vm\prims\jvm.cpp:1244
Event: 6.905 Thread 0x00000000021b3800 Threw 0x00000000f6b21520 at C:\re\jdk7u67\1368\hotspot\src\share\vm\prims\jvm.cpp:1244
Event: 6.907 Thread 0x00000000021b3800 Threw 0x00000000f6b28510 at C:\re\jdk7u67\1368\hotspot\src\share\vm\prims\jvm.cpp:1244

Events (10 events):
Event: 7.617 loading class 0x0000000009f84fc0 done
Event: 7.621 loading class 0x0000000009f85b50
Event: 7.621 loading class 0x0000000009f85b50 done
Event: 7.622 loading class 0x0000000009f85b50
Event: 7.622 loading class 0x0000000009f85b50 done
Event: 7.627 loading class 0x0000000009f85a60
Event: 7.627 loading class 0x0000000009f85a60 done
Event: 7.628 loading class 0x0000000009f85a60
Event: 7.628 loading class 0x0000000009f85a60 done
Event: 7.629 Executing VM operation: ParallelGCFailedAllocation


Dynamic libraries:
0x00007ff78b520000 - 0x00007ff78b553000 	C:\Program Files\Java\jdk1.7.0_67\bin\javaw.exe
0x00007ffcd8c80000 - 0x00007ffcd8e26000 	C:\WINDOWS\SYSTEM32\ntdll.dll
0x00007ffcd6b30000 - 0x00007ffcd6c6a000 	C:\WINDOWS\system32\KERNEL32.DLL
0x00007ffcd63a0000 - 0x00007ffcd64af000 	C:\WINDOWS\system32\KERNELBASE.dll
0x00007ffcd4b50000 - 0x00007ffcd4bd8000 	C:\WINDOWS\system32\apphelp.dll
0x00007ffccf490000 - 0x00007ffccf4df000 	C:\WINDOWS\AppPatch\AppPatch64\AcGenral.DLL
0x00007ffcd6500000 - 0x00007ffcd65a7000 	C:\WINDOWS\system32\msvcrt.dll
0x00007ffcd5d80000 - 0x00007ffcd5dab000 	C:\WINDOWS\SYSTEM32\SspiCli.dll
0x00007ffcd68d0000 - 0x00007ffcd6921000 	C:\WINDOWS\system32\SHLWAPI.dll
0x00007ffcd6e20000 - 0x00007ffcd6f91000 	C:\WINDOWS\system32\USER32.dll
0x00007ffcd70e0000 - 0x00007ffcd7258000 	C:\WINDOWS\system32\ole32.dll
0x00007ffcd7270000 - 0x00007ffcd867f000 	C:\WINDOWS\system32\SHELL32.dll
0x00007ffcd5530000 - 0x00007ffcd554e000 	C:\WINDOWS\SYSTEM32\USERENV.dll
0x00007ffcd6d10000 - 0x00007ffcd6db5000 	C:\WINDOWS\system32\ADVAPI32.dll
0x00007ffcc7ae0000 - 0x00007ffcc7afb000 	C:\WINDOWS\SYSTEM32\MPR.dll
0x00007ffcd6fa0000 - 0x00007ffcd70d7000 	C:\WINDOWS\system32\RPCRT4.dll
0x00007ffcd8a30000 - 0x00007ffcd8a87000 	C:\WINDOWS\SYSTEM32\sechost.dll
0x00007ffcd6930000 - 0x00007ffcd6b06000 	C:\WINDOWS\SYSTEM32\combase.dll
0x00007ffcd8720000 - 0x00007ffcd8864000 	C:\WINDOWS\system32\GDI32.dll
0x00007ffcd5ff0000 - 0x00007ffcd6004000 	C:\WINDOWS\SYSTEM32\profapi.dll
0x00007ffcd43b0000 - 0x00007ffcd444f000 	C:\WINDOWS\SYSTEM32\SHCORE.dll
0x00007ffcd6c70000 - 0x00007ffcd6ca4000 	C:\WINDOWS\system32\IMM32.DLL
0x00007ffcd8b40000 - 0x00007ffcd8c79000 	C:\WINDOWS\system32\MSCTF.dll
0x00007ffcd3f10000 - 0x00007ffcd416a000 	C:\WINDOWS\WinSxS\amd64_microsoft.windows.common-controls_6595b64144ccf1df_6.0.9600.17031_none_6242a4b3ecbb55a1\COMCTL32.dll
0x0000000060640000 - 0x0000000060712000 	C:\Program Files\Java\jdk1.7.0_67\jre\bin\msvcr100.dll
0x000000005fe60000 - 0x0000000060632000 	C:\Program Files\Java\jdk1.7.0_67\jre\bin\server\jvm.dll
0x00007ffccde40000 - 0x00007ffccde49000 	C:\WINDOWS\SYSTEM32\WSOCK32.dll
0x00007ffcd3340000 - 0x00007ffcd335f000 	C:\WINDOWS\SYSTEM32\WINMM.dll
0x00007ffcd8870000 - 0x00007ffcd8877000 	C:\WINDOWS\system32\PSAPI.DLL
0x00007ffcd6dc0000 - 0x00007ffcd6e18000 	C:\WINDOWS\system32\WS2_32.dll
0x00007ffcd3310000 - 0x00007ffcd333a000 	C:\WINDOWS\SYSTEM32\WINMMBASE.dll
0x00007ffcd8a20000 - 0x00007ffcd8a29000 	C:\WINDOWS\system32\NSI.dll
0x00007ffcd6350000 - 0x00007ffcd639a000 	C:\WINDOWS\SYSTEM32\cfgmgr32.dll
0x00007ffcd4da0000 - 0x00007ffcd4dc6000 	C:\WINDOWS\SYSTEM32\DEVOBJ.dll
0x000000005fe50000 - 0x000000005fe5f000 	C:\Program Files\Java\jdk1.7.0_67\jre\bin\verify.dll
0x000000005fe20000 - 0x000000005fe48000 	C:\Program Files\Java\jdk1.7.0_67\jre\bin\java.dll
0x000000005fbb0000 - 0x000000005fbd3000 	C:\Program Files\Java\jdk1.7.0_67\jre\bin\instrument.dll
0x000000005fe00000 - 0x000000005fe15000 	C:\Program Files\Java\jdk1.7.0_67\jre\bin\zip.dll
0x000000005fde0000 - 0x000000005fdf9000 	C:\Program Files\Java\jdk1.7.0_67\jre\bin\net.dll
0x00007ffcd5780000 - 0x00007ffcd57d8000 	C:\WINDOWS\system32\mswsock.dll
0x00007ffcd5590000 - 0x00007ffcd5633000 	C:\WINDOWS\SYSTEM32\DNSAPI.dll
0x0000000061b90000 - 0x0000000061bb6000 	C:\Program Files\Bonjour\mdnsNSP.dll
0x00007ffcd22f0000 - 0x00007ffcd2319000 	C:\WINDOWS\SYSTEM32\Iphlpapi.DLL
0x00007ffcd22d0000 - 0x00007ffcd22da000 	C:\WINDOWS\SYSTEM32\WINNSI.DLL
0x0000000063560000 - 0x0000000063569000 	C:\Program Files\National Instruments\Shared\mDNS Responder\nimdnsNSP.dll
0x0000000063550000 - 0x000000006355e000 	C:\WINDOWS\SYSTEM32\nimdnsResponder.dll
0x0000000061ae0000 - 0x0000000061b83000 	C:\WINDOWS\WinSxS\amd64_microsoft.vc90.crt_1fc8b3b9a1e18e3b_9.0.30729.8387_none_08e793bfa83a89b5\MSVCR90.dll
0x00007ffcc8730000 - 0x00007ffcc8739000 	C:\Windows\System32\rasadhlp.dll
0x00007ffcd0360000 - 0x00007ffcd03c8000 	C:\WINDOWS\System32\fwpuclnt.dll
0x00007ffcd57e0000 - 0x00007ffcd57fe000 	C:\WINDOWS\SYSTEM32\CRYPTSP.dll
0x00007ffcd5420000 - 0x00007ffcd5455000 	C:\WINDOWS\system32\rsaenh.dll
0x00007ffcd5a80000 - 0x00007ffcd5aa6000 	C:\WINDOWS\SYSTEM32\bcrypt.dll
0x00007ffcd5db0000 - 0x00007ffcd5e10000 	C:\WINDOWS\system32\bcryptprimitives.dll
0x00007ffcd5e10000 - 0x00007ffcd5e1a000 	C:\WINDOWS\SYSTEM32\CRYPTBASE.dll
0x00007ffcd0430000 - 0x00007ffcd0444000 	C:\WINDOWS\SYSTEM32\dhcpcsvc6.DLL
0x00007ffcd04b0000 - 0x00007ffcd04c9000 	C:\WINDOWS\SYSTEM32\dhcpcsvc.DLL
0x000000005fdc0000 - 0x000000005fdd1000 	C:\Program Files\Java\jdk1.7.0_67\jre\bin\nio.dll
0x00007ffcc67c0000 - 0x00007ffcc67d4000 	C:\WINDOWS\system32\napinsp.dll
0x00007ffcc67e0000 - 0x00007ffcc67f9000 	C:\WINDOWS\system32\pnrpnsp.dll
0x00007ffcd3780000 - 0x00007ffcd3799000 	C:\WINDOWS\system32\NLAapi.dll
0x00007ffcc6800000 - 0x00007ffcc680c000 	C:\WINDOWS\System32\winrnr.dll
0x00007ffcc6810000 - 0x00007ffcc6823000 	C:\WINDOWS\system32\wshbth.dll
0x00007ffccd620000 - 0x00007ffccd7a8000 	C:\WINDOWS\SYSTEM32\dbghelp.dll

VM Arguments:
jvm_args: -Ddatastore.default_high_rep_job_policy_unapplied_job_pct=50 -Xmx512m -javaagent:C:\Users\miga\Desktop\eclipse\plugins\com.google.appengine.eclipse.sdkbundle_1.9.10\appengine-java-sdk-1.9.10\lib\agent\appengine-agent.jar -Dfile.encoding=Cp1252 
java_command: com.google.gwt.dev.DevMode -remoteUI 55031:11482475611041 -startupUrl error.jsp -logLevel INFO -codeServerPort 9997 -port 8888 -server com.google.appengine.tools.development.gwt.AppEngineLauncher -war C:\Users\miga\workspace\PitchProject\war pitch.PitchProject pitch.Pitch
Launcher Type: SUN_STANDARD

Environment Variables:
PATH=C:\ProgramData\Oracle\Java\javapath;C:\Program Files (x86)\Intel\iCLS Client\;C:\Program Files\Intel\iCLS Client\;C:\WINDOWS\system32;C:\WINDOWS;C:\WINDOWS\System32\Wbem;C:\WINDOWS\System32\WindowsPowerShell\v1.0\;C:\Program Files\Intel\Intel(R) Management Engine Components\DAL;C:\Program Files\Intel\Intel(R) Management Engine Components\IPT;C:\Program Files (x86)\Intel\Intel(R) Management Engine Components\DAL;C:\Program Files (x86)\Intel\Intel(R) Management Engine Components\IPT;C:\Program Files (x86)\QuickTime\QTSystem\;C:\Program Files (x86)\PharosSystems\Core;C:\Program Files (x86)\Windows Kits\8.1\Windows Performance Toolkit\;C:\Program Files (x86)\Microsoft SDKs\TypeScript\1.0\;C:\Program Files\TortoiseGit\bin
USERNAME=miga
OS=Windows_NT
PROCESSOR_IDENTIFIER=Intel64 Family 6 Model 58 Stepping 9, GenuineIntel



---------------  S Y S T E M  ---------------

OS: Windows 8.1 , 64 bit Build 9600 

CPU:total 4 (2 cores per cpu, 2 threads per core) family 6 model 58 stepping 9, cmov, cx8, fxsr, mmx, sse, sse2, sse3, ssse3, sse4.1, sse4.2, popcnt, avx, aes, erms, ht, tsc, tscinvbit, tscinv

Memory: 4k page, physical 4066552k(1387888k free), swap 8260888k(4758508k free)

vm_info: Java HotSpot(TM) 64-Bit Server VM (24.65-b04) for windows-amd64 JRE (1.7.0_67-b01), built on Jul 25 2014 08:55:00 by "java_re" with unknown MS VC++:1600

time: Sun Nov 23 15:54:08 2014
elapsed time: 7 seconds

