#
# A fatal error has been detected by the Java Runtime Environment:
#
#  EXCEPTION_ACCESS_VIOLATION (0xc0000005) at pc=0x000000005ab214a0, pid=4248, tid=6420
#
# JRE version: Java(TM) SE Runtime Environment (7.0_67-b01) (build 1.7.0_67-b01)
# Java VM: Java HotSpot(TM) 64-Bit Server VM (24.65-b04 mixed mode windows-amd64 compressed oops)
# Problematic frame:
# V  [jvm.dll+0x4214a0]
#
# Failed to write core dump. Minidumps are not enabled by default on client versions of Windows
#
# If you would like to submit a bug report, please visit:
#   http://bugreport.sun.com/bugreport/crash.jsp
#

---------------  T H R E A D  ---------------

Current thread (0x00000000081b9000):  JavaThread "C2 CompilerThread1" daemon [_thread_in_native, id=6420, stack(0x00000000085a0000,0x00000000086a0000)]

siginfo: ExceptionCode=0xc0000005, reading address 0x0000000008861648

Registers:
RAX=0x0000000008f386f0, RBX=0x0000000000000001, RCX=0x0000000000000061, RDX=0x0000000008f3f330
RSP=0x000000000869c850, RBP=0x000000000869c8a0, RSI=0x0000000000000000, RDI=0xffffffffffffffff
R8 =0x0000000000000000, R9 =0x0000000000000001, R10=0x0000000008aeec20, R11=0x0000000008dff4d0
R12=0x0000000008861620, R13=0x000000000869ca70, R14=0x000000000869c950, R15=0x0000000000000000
RIP=0x000000005ab214a0, EFLAGS=0x0000000000010202

Top of Stack: (sp=0x000000000869c850)
0x000000000869c850:   000000000869ca70 0000000008dff480
0x000000000869c860:   0000000000000001 000000000869c8a0
0x000000000869c870:   00000d8700000061 0000000000000000
0x000000000869c880:   00000000083c0700 0000000008f386f0
0x000000000869c890:   00000000081b4be0 00000000083bd3e0
0x000000000869c8a0:   0000000000000d7f 000000000869ca50
0x000000000869c8b0:   000000000869c969 000000005ab21793
0x000000000869c8c0:   00000000081b4be0 000000000869ca70
0x000000000869c8d0:   0000000000000083 0000000000000000
0x000000000869c8e0:   00000000083c0280 000000005ab1f56d
0x000000000869c8f0:   000000000869c9a0 00000000089c7be0
0x000000000869c900:   0000000000000008 00000000399ff4ea
0x000000000869c910:   00000000083c53c8 00000000083c4570
0x000000000869c920:   0000000000000000 0000000000000000
0x000000000869c930:   0000000000000000 0000000000000000
0x000000000869c940:   00000000083bd3e0 00000000081b4be0 

Instructions: (pc=0x000000005ab214a0)
0x000000005ab21480:   00 4c 89 a4 24 80 00 00 00 0f 1f 80 00 00 00 00
0x000000005ab21490:   ff c8 89 45 d0 48 63 c8 48 8b 45 e8 4c 8b 24 c8
0x000000005ab214a0:   41 8b 4c 24 28 8b c1 c1 e8 05 41 3b 46 10 72 0d
0x000000005ab214b0:   49 8b 06 8b d1 49 8b ce ff 50 18 eb 25 49 8b 56 


Register to memory mapping:

RAX=0x0000000008f386f0 is an unknown value
RBX=0x0000000000000001 is an unknown value
RCX=0x0000000000000061 is an unknown value
RDX=0x0000000008f3f330 is an unknown value
RSP=0x000000000869c850 is pointing into the stack for thread: 0x00000000081b9000
RBP=0x000000000869c8a0 is pointing into the stack for thread: 0x00000000081b9000
RSI=0x0000000000000000 is an unknown value
RDI=0xffffffffffffffff is an unknown value
R8 =0x0000000000000000 is an unknown value
R9 =0x0000000000000001 is an unknown value
R10=0x0000000008aeec20 is an unknown value
R11=0x0000000008dff4d0 is an unknown value
R12=0x0000000008861620 is an unknown value
R13=0x000000000869ca70 is pointing into the stack for thread: 0x00000000081b9000
R14=0x000000000869c950 is pointing into the stack for thread: 0x00000000081b9000
R15=0x0000000000000000 is an unknown value


Stack: [0x00000000085a0000,0x00000000086a0000],  sp=0x000000000869c850,  free space=1010k
Native frames: (J=compiled Java code, j=interpreted, Vv=VM code, C=native code)
V  [jvm.dll+0x4214a0]


Current CompileTask:
C2:   6122  431 % !         org.mortbay.jetty.webapp.TagLibConfiguration::configureWebApp @ 503 (1159 bytes)


---------------  P R O C E S S  ---------------

Java Threads: ( => current thread )
  0x0000000008a97000 JavaThread "254476525@qtp-1752274580-1" [_thread_blocked, id=8588, stack(0x000000000a880000,0x000000000a980000)]
  0x0000000008a45800 JavaThread "374025311@qtp-1752274580-0" [_thread_blocked, id=2488, stack(0x00000000096b0000,0x00000000097b0000)]
  0x000000000998d800 JavaThread "Keep-Alive-Timer" daemon [_thread_blocked, id=5476, stack(0x000000000ab70000,0x000000000ac70000)]
  0x0000000008c9b000 JavaThread "Code server listener" daemon [_thread_in_native, id=4828, stack(0x000000000a980000,0x000000000aa80000)]
  0x0000000009907800 JavaThread "pool-1-thread-1" [_thread_in_vm, id=5852, stack(0x000000000a780000,0x000000000a880000)]
  0x00000000083b4800 JavaThread "Thread-2" daemon [_thread_blocked, id=8420, stack(0x00000000095b0000,0x00000000096b0000)]
  0x0000000008997000 JavaThread "Thread-1" [_thread_in_native, id=1380, stack(0x00000000094b0000,0x00000000095b0000)]
  0x0000000006b58000 JavaThread "Service Thread" daemon [_thread_blocked, id=6012, stack(0x00000000086a0000,0x00000000087a0000)]
=>0x00000000081b9000 JavaThread "C2 CompilerThread1" daemon [_thread_in_native, id=6420, stack(0x00000000085a0000,0x00000000086a0000)]
  0x00000000081b6000 JavaThread "C2 CompilerThread0" daemon [_thread_in_native, id=9072, stack(0x00000000084a0000,0x00000000085a0000)]
  0x0000000006b1f800 JavaThread "Attach Listener" daemon [_thread_blocked, id=6024, stack(0x0000000007fa0000,0x00000000080a0000)]
  0x0000000006b1c000 JavaThread "Signal Dispatcher" daemon [_thread_blocked, id=6972, stack(0x0000000007ea0000,0x0000000007fa0000)]
  0x0000000001f1a800 JavaThread "Finalizer" daemon [_thread_blocked, id=1232, stack(0x0000000007da0000,0x0000000007ea0000)]
  0x0000000001f12800 JavaThread "Reference Handler" daemon [_thread_blocked, id=7240, stack(0x0000000007ca0000,0x0000000007da0000)]
  0x0000000001e33800 JavaThread "main" [_thread_in_Java, id=3284, stack(0x0000000001bb0000,0x0000000001cb0000)]

Other Threads:
  0x0000000006af3800 VMThread [stack: 0x0000000007ba0000,0x0000000007ca0000] [id=4524]
  0x00000000081be000 WatcherThread [stack: 0x00000000087a0000,0x00000000088a0000] [id=7376]

VM state:not at safepoint (normal execution)

VM Mutex/Monitor currently owned by a thread: None

Heap
 PSYoungGen      total 72704K, used 52392K [0x00000000f5500000, 0x00000000fc680000, 0x0000000100000000)
  eden space 52736K, 61% used [0x00000000f5500000,0x00000000f74ae038,0x00000000f8880000)
  from space 19968K, 99% used [0x00000000fa100000,0x00000000fb47c040,0x00000000fb480000)
  to   space 25088K, 0% used [0x00000000f8880000,0x00000000f8880000,0x00000000fa100000)
 ParOldGen       total 81920K, used 41015K [0x00000000e0000000, 0x00000000e5000000, 0x00000000f5500000)
  object space 81920K, 50% used [0x00000000e0000000,0x00000000e280de70,0x00000000e5000000)
 PSPermGen       total 21504K, used 19270K [0x00000000dae00000, 0x00000000dc300000, 0x00000000e0000000)
  object space 21504K, 89% used [0x00000000dae00000,0x00000000dc0d1988,0x00000000dc300000)

Card table byte_map: [0x0000000004ff0000,0x0000000005120000] byte_map_base: 0x0000000004919000

Polling page: 0x0000000000380000

Code Cache  [0x0000000001f30000, 0x00000000021a0000, 0x0000000004f30000)
 total_blobs=721 nmethods=419 adapters=254 free_code_cache=47828Kb largest_free_block=48933888

Compilation events (10 events):
Event: 5.851 Thread 0x00000000081b6000 nmethod 433 0x0000000001fc6d90 code [0x0000000001fc6ec0, 0x0000000001fc6f38]
Event: 5.892 Thread 0x00000000081b6000  434             com.google.gwt.thirdparty.guava.common.io.LineBuffer::add (204 bytes)
Event: 5.906 Thread 0x00000000081b6000 nmethod 434 0x0000000002074150 code [0x0000000002074300, 0x0000000002074810]
Event: 5.906 Thread 0x00000000081b6000  435             java.util.ArrayList::access$100 (5 bytes)
Event: 5.907 Thread 0x00000000081b6000 nmethod 435 0x0000000001ff0fd0 code [0x0000000001ff1100, 0x0000000001ff1158]
Event: 5.907 Thread 0x00000000081b6000  436             java.io.ObjectInputStream::readArray (444 bytes)
Event: 5.993 Thread 0x00000000081b6000 nmethod 436 0x0000000002079850 code [0x0000000002079be0, 0x000000000207b1e8]
Event: 5.993 Thread 0x00000000081b6000  437             com.sun.org.apache.xerces.internal.impl.XMLEntityScanner::scanData (1050 bytes)
Event: 6.078 Thread 0x00000000081b6000 nmethod 437 0x00000000020771d0 code [0x0000000002077400, 0x00000000020788d0]
Event: 6.080 Thread 0x00000000081b6000  438             com.sun.org.apache.xerces.internal.impl.io.UTF8Reader::read (1388 bytes)

GC Heap History (10 events):
Event: 2.253 GC heap before
{Heap before GC invocations=5 (full 0):
 PSYoungGen      total 35328K, used 35240K [0x00000000f5500000, 0x00000000f7a00000, 0x0000000100000000)
  eden space 32768K, 99% used [0x00000000f5500000,0x00000000f74ee188,0x00000000f7500000)
  from space 2560K, 99% used [0x00000000f7780000,0x00000000f79fc030,0x00000000f7a00000)
  to   space 2560K, 0% used [0x00000000f7500000,0x00000000f7500000,0x00000000f7780000)
 ParOldGen       total 41984K, used 20752K [0x00000000e0000000, 0x00000000e2900000, 0x00000000f5500000)
  object space 41984K, 49% used [0x00000000e0000000,0x00000000e1444348,0x00000000e2900000)
 PSPermGen       total 21504K, used 9827K [0x00000000dae00000, 0x00000000dc300000, 0x00000000e0000000)
  object space 21504K, 45% used [0x00000000dae00000,0x00000000db798e28,0x00000000dc300000)
Event: 2.286 GC heap after
Heap after GC invocations=5 (full 0):
 PSYoungGen      total 35328K, used 2528K [0x00000000f5500000, 0x00000000fbd00000, 0x0000000100000000)
  eden space 32768K, 0% used [0x00000000f5500000,0x00000000f5500000,0x00000000f7500000)
  from space 2560K, 98% used [0x00000000f7500000,0x00000000f7778030,0x00000000f7780000)
  to   space 20480K, 0% used [0x00000000fa900000,0x00000000fa900000,0x00000000fbd00000)
 ParOldGen       total 41984K, used 36289K [0x00000000e0000000, 0x00000000e2900000, 0x00000000f5500000)
  object space 41984K, 86% used [0x00000000e0000000,0x00000000e23706c8,0x00000000e2900000)
 PSPermGen       total 21504K, used 9827K [0x00000000dae00000, 0x00000000dc300000, 0x00000000e0000000)
  object space 21504K, 45% used [0x00000000dae00000,0x00000000db798e28,0x00000000dc300000)
}
Event: 2.286 GC heap before
{Heap before GC invocations=6 (full 1):
 PSYoungGen      total 35328K, used 2528K [0x00000000f5500000, 0x00000000fbd00000, 0x0000000100000000)
  eden space 32768K, 0% used [0x00000000f5500000,0x00000000f5500000,0x00000000f7500000)
  from space 2560K, 98% used [0x00000000f7500000,0x00000000f7778030,0x00000000f7780000)
  to   space 20480K, 0% used [0x00000000fa900000,0x00000000fa900000,0x00000000fbd00000)
 ParOldGen       total 41984K, used 36289K [0x00000000e0000000, 0x00000000e2900000, 0x00000000f5500000)
  object space 41984K, 86% used [0x00000000e0000000,0x00000000e23706c8,0x00000000e2900000)
 PSPermGen       total 21504K, used 9827K [0x00000000dae00000, 0x00000000dc300000, 0x00000000e0000000)
  object space 21504K, 45% used [0x00000000dae00000,0x00000000db798e28,0x00000000dc300000)
Event: 2.668 GC heap after
Heap after GC invocations=6 (full 1):
 PSYoungGen      total 35328K, used 0K [0x00000000f5500000, 0x00000000fbd00000, 0x0000000100000000)
  eden space 32768K, 0% used [0x00000000f5500000,0x00000000f5500000,0x00000000f7500000)
  from space 2560K, 0% used [0x00000000f7500000,0x00000000f7500000,0x00000000f7780000)
  to   space 20480K, 0% used [0x00000000fa900000,0x00000000fa900000,0x00000000fbd00000)
 ParOldGen       total 81920K, used 37218K [0x00000000e0000000, 0x00000000e5000000, 0x00000000f5500000)
  object space 81920K, 45% used [0x00000000e0000000,0x00000000e24589e0,0x00000000e5000000)
 PSPermGen       total 21504K, used 9822K [0x00000000dae00000, 0x00000000dc300000, 0x00000000e0000000)
  object space 21504K, 45% used [0x00000000dae00000,0x00000000db797988,0x00000000dc300000)
}
Event: 3.360 GC heap before
{Heap before GC invocations=7 (full 1):
 PSYoungGen      total 35328K, used 32768K [0x00000000f5500000, 0x00000000fbd00000, 0x0000000100000000)
  eden space 32768K, 100% used [0x00000000f5500000,0x00000000f7500000,0x00000000f7500000)
  from space 2560K, 0% used [0x00000000f7500000,0x00000000f7500000,0x00000000f7780000)
  to   space 20480K, 0% used [0x00000000fa900000,0x00000000fa900000,0x00000000fbd00000)
 ParOldGen       total 81920K, used 37218K [0x00000000e0000000, 0x00000000e5000000, 0x00000000f5500000)
  object space 81920K, 45% used [0x00000000e0000000,0x00000000e24589e0,0x00000000e5000000)
 PSPermGen       total 21504K, used 12302K [0x00000000dae00000, 0x00000000dc300000, 0x00000000e0000000)
  object space 21504K, 57% used [0x00000000dae00000,0x00000000dba03a20,0x00000000dc300000)
Event: 3.370 GC heap after
Heap after GC invocations=7 (full 1):
 PSYoungGen      total 49664K, used 5462K [0x00000000f5500000, 0x00000000fae80000, 0x0000000100000000)
  eden space 44032K, 0% used [0x00000000f5500000,0x00000000f5500000,0x00000000f8000000)
  from space 5632K, 96% used [0x00000000fa900000,0x00000000fae55848,0x00000000fae80000)
  to   space 19968K, 0% used [0x00000000f8780000,0x00000000f8780000,0x00000000f9b00000)
 ParOldGen       total 81920K, used 37218K [0x00000000e0000000, 0x00000000e5000000, 0x00000000f5500000)
  object space 81920K, 45% used [0x00000000e0000000,0x00000000e24589e0,0x00000000e5000000)
 PSPermGen       total 21504K, used 12302K [0x00000000dae00000, 0x00000000dc300000, 0x00000000e0000000)
  object space 21504K, 57% used [0x00000000dae00000,0x00000000dba03a20,0x00000000dc300000)
}
Event: 4.065 GC heap before
{Heap before GC invocations=8 (full 1):
 PSYoungGen      total 49664K, used 49494K [0x00000000f5500000, 0x00000000fae80000, 0x0000000100000000)
  eden space 44032K, 100% used [0x00000000f5500000,0x00000000f8000000,0x00000000f8000000)
  from space 5632K, 96% used [0x00000000fa900000,0x00000000fae55848,0x00000000fae80000)
  to   space 19968K, 0% used [0x00000000f8780000,0x00000000f8780000,0x00000000f9b00000)
 ParOldGen       total 81920K, used 37218K [0x00000000e0000000, 0x00000000e5000000, 0x00000000f5500000)
  object space 81920K, 45% used [0x00000000e0000000,0x00000000e24589e0,0x00000000e5000000)
 PSPermGen       total 21504K, used 12721K [0x00000000dae00000, 0x00000000dc300000, 0x00000000e0000000)
  object space 21504K, 59% used [0x00000000dae00000,0x00000000dba6c660,0x00000000dc300000)
Event: 4.084 GC heap after
Heap after GC invocations=8 (full 1):
 PSYoungGen      total 71680K, used 12331K [0x00000000f5500000, 0x00000000fb480000, 0x0000000100000000)
  eden space 51712K, 0% used [0x00000000f5500000,0x00000000f5500000,0x00000000f8780000)
  from space 19968K, 61% used [0x00000000f8780000,0x00000000f938ae60,0x00000000f9b00000)
  to   space 19968K, 0% used [0x00000000fa100000,0x00000000fa100000,0x00000000fb480000)
 ParOldGen       total 81920K, used 37218K [0x00000000e0000000, 0x00000000e5000000, 0x00000000f5500000)
  object space 81920K, 45% used [0x00000000e0000000,0x00000000e24589e0,0x00000000e5000000)
 PSPermGen       total 21504K, used 12721K [0x00000000dae00000, 0x00000000dc300000, 0x00000000e0000000)
  object space 21504K, 59% used [0x00000000dae00000,0x00000000dba6c660,0x00000000dc300000)
}
Event: 5.137 GC heap before
{Heap before GC invocations=9 (full 1):
 PSYoungGen      total 71680K, used 64043K [0x00000000f5500000, 0x00000000fb480000, 0x0000000100000000)
  eden space 51712K, 100% used [0x00000000f5500000,0x00000000f8780000,0x00000000f8780000)
  from space 19968K, 61% used [0x00000000f8780000,0x00000000f938ae60,0x00000000f9b00000)
  to   space 19968K, 0% used [0x00000000fa100000,0x00000000fa100000,0x00000000fb480000)
 ParOldGen       total 81920K, used 37218K [0x00000000e0000000, 0x00000000e5000000, 0x00000000f5500000)
  object space 81920K, 45% used [0x00000000e0000000,0x00000000e24589e0,0x00000000e5000000)
 PSPermGen       total 21504K, used 17382K [0x00000000dae00000, 0x00000000dc300000, 0x00000000e0000000)
  object space 21504K, 80% used [0x00000000dae00000,0x00000000dbef9b70,0x00000000dc300000)
Event: 5.170 GC heap after
Heap after GC invocations=9 (full 1):
 PSYoungGen      total 72704K, used 19952K [0x00000000f5500000, 0x00000000fc680000, 0x0000000100000000)
  eden space 52736K, 0% used [0x00000000f5500000,0x00000000f5500000,0x00000000f8880000)
  from space 19968K, 99% used [0x00000000fa100000,0x00000000fb47c040,0x00000000fb480000)
  to   space 25088K, 0% used [0x00000000f8880000,0x00000000f8880000,0x00000000fa100000)
 ParOldGen       total 81920K, used 41015K [0x00000000e0000000, 0x00000000e5000000, 0x00000000f5500000)
  object space 81920K, 50% used [0x00000000e0000000,0x00000000e280de70,0x00000000e5000000)
 PSPermGen       total 21504K, used 17382K [0x00000000dae00000, 0x00000000dc300000, 0x00000000e0000000)
  object space 21504K, 80% used [0x00000000dae00000,0x00000000dbef9b70,0x00000000dc300000)
}

Deoptimization events (10 events):
Event: 5.727 Thread 0x0000000001e33800 Uncommon trap: reason=class_check action=maybe_recompile pc=0x0000000002068570 method=java.lang.SecurityManager.checkPackageAccess(Ljava/lang/String;)V @ 143
Event: 5.889 Thread 0x0000000009907800 Uncommon trap: reason=class_check action=maybe_recompile pc=0x0000000002025cf4 method=java.util.HashMap.put(Ljava/lang/Object;Ljava/lang/Object;)Ljava/lang/Object; @ 83
Event: 5.889 Thread 0x0000000009907800 Uncommon trap: reason=class_check action=maybe_recompile pc=0x0000000002025cf4 method=java.util.HashMap.put(Ljava/lang/Object;Ljava/lang/Object;)Ljava/lang/Object; @ 83
Event: 5.889 Thread 0x0000000009907800 Uncommon trap: reason=class_check action=maybe_recompile pc=0x0000000002025cf4 method=java.util.HashMap.put(Ljava/lang/Object;Ljava/lang/Object;)Ljava/lang/Object; @ 83
Event: 5.890 Thread 0x0000000001e33800 Uncommon trap: reason=unreached action=reinterpret pc=0x0000000001fc2280 method=java.lang.ThreadLocal$ThreadLocalMap.set(Ljava/lang/ThreadLocal;Ljava/lang/Object;)V @ 44
Event: 5.902 Thread 0x0000000009907800 Uncommon trap: reason=predicate action=maybe_recompile pc=0x0000000001fb1d9c method=java.io.ObjectInputStream.readArray(Z)Ljava/lang/Object; @ 397
Event: 5.996 Thread 0x0000000009907800 Uncommon trap: reason=array_check action=maybe_recompile pc=0x000000000207a904 method=java.io.ObjectInputStream.readArray(Z)Ljava/lang/Object; @ 406
Event: 5.996 Thread 0x0000000009907800 Uncommon trap: reason=array_check action=maybe_recompile pc=0x000000000207a904 method=java.io.ObjectInputStream.readArray(Z)Ljava/lang/Object; @ 406
Event: 5.996 Thread 0x0000000009907800 Uncommon trap: reason=array_check action=maybe_recompile pc=0x000000000207a904 method=java.io.ObjectInputStream.readArray(Z)Ljava/lang/Object; @ 406
Event: 5.996 Thread 0x0000000009907800 Uncommon trap: reason=array_check action=maybe_recompile pc=0x000000000207a904 method=java.io.ObjectInputStream.readArray(Z)Ljava/lang/Object; @ 406

Internal exceptions (10 events):
Event: 5.861 Thread 0x0000000009907800 Threw 0x00000000f6fc7170 at C:\re\jdk7u67\1368\hotspot\src\share\vm\prims\jvm.cpp:1244
Event: 5.865 Thread 0x0000000009907800 Threw 0x00000000f704eba0 at C:\re\jdk7u67\1368\hotspot\src\share\vm\prims\jvm.cpp:1244
Event: 5.868 Thread 0x0000000009907800 Threw 0x00000000f705b8b0 at C:\re\jdk7u67\1368\hotspot\src\share\vm\prims\jvm.cpp:1244
Event: 5.870 Thread 0x0000000009907800 Threw 0x00000000f7066428 at C:\re\jdk7u67\1368\hotspot\src\share\vm\prims\jvm.cpp:1244
Event: 5.872 Thread 0x0000000009907800 Threw 0x00000000f7071000 at C:\re\jdk7u67\1368\hotspot\src\share\vm\prims\jvm.cpp:1244
Event: 5.875 Thread 0x0000000009907800 Threw 0x00000000f707d4d0 at C:\re\jdk7u67\1368\hotspot\src\share\vm\prims\jvm.cpp:1244
Event: 5.877 Thread 0x0000000009907800 Threw 0x00000000f70892e0 at C:\re\jdk7u67\1368\hotspot\src\share\vm\prims\jvm.cpp:1244
Event: 5.880 Thread 0x0000000009907800 Threw 0x00000000f7099a60 at C:\re\jdk7u67\1368\hotspot\src\share\vm\prims\jvm.cpp:1244
Event: 5.883 Thread 0x0000000009907800 Threw 0x00000000f7118a50 at C:\re\jdk7u67\1368\hotspot\src\share\vm\prims\jvm.cpp:1244
Event: 5.885 Thread 0x0000000009907800 Threw 0x00000000f7123700 at C:\re\jdk7u67\1368\hotspot\src\share\vm\prims\jvm.cpp:1244

Events (10 events):
Event: 5.996 Thread 0x0000000009907800 DEOPT UNPACKING pc=0x0000000001f675a4 sp=0x000000000a87e6c0 mode 2
Event: 5.996 Thread 0x0000000009907800 Uncommon trap: trap_request=0xffffffd6 fr.pc=0x000000000207a904
Event: 5.996 Thread 0x0000000009907800 DEOPT PACKING pc=0x000000000207a904 sp=0x000000000a87e740
Event: 5.996 Thread 0x0000000009907800 DEOPT UNPACKING pc=0x0000000001f675a4 sp=0x000000000a87e6c0 mode 2
Event: 5.996 Thread 0x0000000009907800 Uncommon trap: trap_request=0xffffffd6 fr.pc=0x000000000207a904
Event: 5.996 Thread 0x0000000009907800 DEOPT PACKING pc=0x000000000207a904 sp=0x000000000a87e740
Event: 5.996 Thread 0x0000000009907800 DEOPT UNPACKING pc=0x0000000001f675a4 sp=0x000000000a87e6c0 mode 2
Event: 5.996 Thread 0x0000000009907800 Uncommon trap: trap_request=0xffffffd6 fr.pc=0x000000000207a904
Event: 5.996 Thread 0x0000000009907800 DEOPT PACKING pc=0x000000000207a904 sp=0x000000000a87e740
Event: 5.996 Thread 0x0000000009907800 DEOPT UNPACKING pc=0x0000000001f675a4 sp=0x000000000a87e6c0 mode 2


Dynamic libraries:
0x00007ff6d1340000 - 0x00007ff6d1373000 	C:\Program Files\Java\jdk1.7.0_67\bin\javaw.exe
0x00007ffc58530000 - 0x00007ffc586d6000 	C:\WINDOWS\SYSTEM32\ntdll.dll
0x00007ffc56040000 - 0x00007ffc5617a000 	C:\WINDOWS\system32\KERNEL32.DLL
0x00007ffc55c50000 - 0x00007ffc55d5f000 	C:\WINDOWS\system32\KERNELBASE.dll
0x00007ffc539c0000 - 0x00007ffc53a48000 	C:\WINDOWS\system32\apphelp.dll
0x00007ffc37080000 - 0x00007ffc370cf000 	C:\WINDOWS\AppPatch\AppPatch64\AcGenral.DLL
0x00007ffc580a0000 - 0x00007ffc58147000 	C:\WINDOWS\system32\msvcrt.dll
0x00007ffc55630000 - 0x00007ffc5565b000 	C:\WINDOWS\SYSTEM32\SspiCli.dll
0x00007ffc578a0000 - 0x00007ffc578f1000 	C:\WINDOWS\system32\SHLWAPI.dll
0x00007ffc561e0000 - 0x00007ffc56351000 	C:\WINDOWS\system32\USER32.dll
0x00007ffc57ae0000 - 0x00007ffc57c58000 	C:\WINDOWS\system32\ole32.dll
0x00007ffc56490000 - 0x00007ffc5789f000 	C:\WINDOWS\system32\SHELL32.dll
0x00007ffc549c0000 - 0x00007ffc549de000 	C:\WINDOWS\SYSTEM32\USERENV.dll
0x00007ffc57ff0000 - 0x00007ffc58095000 	C:\WINDOWS\system32\ADVAPI32.dll
0x00007ffc47b10000 - 0x00007ffc47b2b000 	C:\WINDOWS\SYSTEM32\MPR.dll
0x00007ffc57cb0000 - 0x00007ffc57de7000 	C:\WINDOWS\system32\RPCRT4.dll
0x00007ffc58470000 - 0x00007ffc584c7000 	C:\WINDOWS\SYSTEM32\sechost.dll
0x00007ffc57df0000 - 0x00007ffc57fc6000 	C:\WINDOWS\SYSTEM32\combase.dll
0x00007ffc55ef0000 - 0x00007ffc56034000 	C:\WINDOWS\system32\GDI32.dll
0x00007ffc558a0000 - 0x00007ffc558b4000 	C:\WINDOWS\SYSTEM32\profapi.dll
0x00007ffc54f00000 - 0x00007ffc54f9f000 	C:\WINDOWS\SYSTEM32\SHCORE.dll
0x00007ffc57c70000 - 0x00007ffc57ca4000 	C:\WINDOWS\system32\IMM32.DLL
0x00007ffc55db0000 - 0x00007ffc55ee9000 	C:\WINDOWS\system32\MSCTF.dll
0x00007ffc55310000 - 0x00007ffc5556a000 	C:\WINDOWS\WinSxS\amd64_microsoft.windows.common-controls_6595b64144ccf1df_6.0.9600.17031_none_6242a4b3ecbb55a1\COMCTL32.dll
0x000000005aee0000 - 0x000000005afb2000 	C:\Program Files\Java\jdk1.7.0_67\jre\bin\msvcr100.dll
0x000000005a700000 - 0x000000005aed2000 	C:\Program Files\Java\jdk1.7.0_67\jre\bin\server\jvm.dll
0x00007ffc4d6f0000 - 0x00007ffc4d6f9000 	C:\WINDOWS\SYSTEM32\WSOCK32.dll
0x00007ffc529c0000 - 0x00007ffc529df000 	C:\WINDOWS\SYSTEM32\WINMM.dll
0x00007ffc56360000 - 0x00007ffc56367000 	C:\WINDOWS\system32\PSAPI.DLL
0x00007ffc56180000 - 0x00007ffc561d8000 	C:\WINDOWS\system32\WS2_32.dll
0x00007ffc52990000 - 0x00007ffc529ba000 	C:\WINDOWS\SYSTEM32\WINMMBASE.dll
0x00007ffc57c60000 - 0x00007ffc57c69000 	C:\WINDOWS\system32\NSI.dll
0x00007ffc55b50000 - 0x00007ffc55b9a000 	C:\WINDOWS\SYSTEM32\cfgmgr32.dll
0x00007ffc53c40000 - 0x00007ffc53c66000 	C:\WINDOWS\SYSTEM32\DEVOBJ.dll
0x000000005a6f0000 - 0x000000005a6ff000 	C:\Program Files\Java\jdk1.7.0_67\jre\bin\verify.dll
0x000000005a6c0000 - 0x000000005a6e8000 	C:\Program Files\Java\jdk1.7.0_67\jre\bin\java.dll
0x000000005a090000 - 0x000000005a0b3000 	C:\Program Files\Java\jdk1.7.0_67\jre\bin\instrument.dll
0x000000005a6a0000 - 0x000000005a6b5000 	C:\Program Files\Java\jdk1.7.0_67\jre\bin\zip.dll
0x000000005a680000 - 0x000000005a699000 	C:\Program Files\Java\jdk1.7.0_67\jre\bin\net.dll
0x00007ffc54c10000 - 0x00007ffc54c68000 	C:\WINDOWS\system32\mswsock.dll
0x00007ffc54a20000 - 0x00007ffc54ac3000 	C:\WINDOWS\SYSTEM32\DNSAPI.dll
0x000000005bed0000 - 0x000000005bef6000 	C:\Program Files\Bonjour\mdnsNSP.dll
0x00007ffc4fe00000 - 0x00007ffc4fe29000 	C:\WINDOWS\SYSTEM32\Iphlpapi.DLL
0x00007ffc4fde0000 - 0x00007ffc4fdea000 	C:\WINDOWS\SYSTEM32\WINNSI.DLL
0x0000000063560000 - 0x0000000063569000 	C:\Program Files\National Instruments\Shared\mDNS Responder\nimdnsNSP.dll
0x0000000063550000 - 0x000000006355e000 	C:\WINDOWS\SYSTEM32\nimdnsResponder.dll
0x000000005be20000 - 0x000000005bec3000 	C:\WINDOWS\WinSxS\amd64_microsoft.vc90.crt_1fc8b3b9a1e18e3b_9.0.30729.8387_none_08e793bfa83a89b5\MSVCR90.dll
0x00007ffc47fe0000 - 0x00007ffc47fe9000 	C:\Windows\System32\rasadhlp.dll
0x00007ffc4f930000 - 0x00007ffc4f998000 	C:\WINDOWS\System32\fwpuclnt.dll
0x00007ffc54c70000 - 0x00007ffc54c8e000 	C:\WINDOWS\SYSTEM32\CRYPTSP.dll
0x00007ffc548b0000 - 0x00007ffc548e5000 	C:\WINDOWS\system32\rsaenh.dll
0x00007ffc54eb0000 - 0x00007ffc54ed6000 	C:\WINDOWS\SYSTEM32\bcrypt.dll
0x00007ffc55660000 - 0x00007ffc556c0000 	C:\WINDOWS\system32\bcryptprimitives.dll
0x00007ffc556c0000 - 0x00007ffc556ca000 	C:\WINDOWS\SYSTEM32\CRYPTBASE.dll
0x00007ffc4f9c0000 - 0x00007ffc4f9d4000 	C:\WINDOWS\SYSTEM32\dhcpcsvc6.DLL
0x00007ffc4f9a0000 - 0x00007ffc4f9b9000 	C:\WINDOWS\SYSTEM32\dhcpcsvc.DLL
0x000000005a660000 - 0x000000005a671000 	C:\Program Files\Java\jdk1.7.0_67\jre\bin\nio.dll
0x00007ffc468a0000 - 0x00007ffc468b4000 	C:\WINDOWS\system32\napinsp.dll
0x00007ffc468c0000 - 0x00007ffc468d9000 	C:\WINDOWS\system32\pnrpnsp.dll
0x00007ffc52670000 - 0x00007ffc52689000 	C:\WINDOWS\system32\NLAapi.dll
0x00007ffc47420000 - 0x00007ffc4742c000 	C:\WINDOWS\System32\winrnr.dll
0x00007ffc468e0000 - 0x00007ffc468f3000 	C:\WINDOWS\system32\wshbth.dll
0x00007ffc3a020000 - 0x00007ffc3a1a8000 	C:\WINDOWS\SYSTEM32\dbghelp.dll

VM Arguments:
jvm_args: -Ddatastore.default_high_rep_job_policy_unapplied_job_pct=50 -Xmx512m -javaagent:C:\Users\miga\Desktop\eclipse\plugins\com.google.appengine.eclipse.sdkbundle_1.9.10\appengine-java-sdk-1.9.10\lib\agent\appengine-agent.jar -Dfile.encoding=Cp1252 
java_command: com.google.gwt.dev.DevMode -remoteUI 49853:1127262770411 -startupUrl login.jsp -logLevel INFO -codeServerPort 9997 -port 8888 -server com.google.appengine.tools.development.gwt.AppEngineLauncher -war C:\Users\miga\workspace\PitchProject\war pitch.PitchProject pitch.Pitch
Launcher Type: SUN_STANDARD

Environment Variables:
PATH=C:\ProgramData\Oracle\Java\javapath;C:\Program Files (x86)\Intel\iCLS Client\;C:\Program Files\Intel\iCLS Client\;C:\WINDOWS\system32;C:\WINDOWS;C:\WINDOWS\System32\Wbem;C:\WINDOWS\System32\WindowsPowerShell\v1.0\;C:\Program Files\Intel\Intel(R) Management Engine Components\DAL;C:\Program Files\Intel\Intel(R) Management Engine Components\IPT;C:\Program Files (x86)\Intel\Intel(R) Management Engine Components\DAL;C:\Program Files (x86)\Intel\Intel(R) Management Engine Components\IPT;C:\Program Files (x86)\QuickTime\QTSystem\;C:\Program Files (x86)\PharosSystems\Core;C:\Program Files (x86)\Windows Kits\8.1\Windows Performance Toolkit\;C:\Program Files (x86)\Microsoft SDKs\TypeScript\1.0\;C:\Program Files\TortoiseGit\bin
USERNAME=miga
OS=Windows_NT
PROCESSOR_IDENTIFIER=Intel64 Family 6 Model 58 Stepping 9, GenuineIntel



---------------  S Y S T E M  ---------------

OS: Windows 8.1 , 64 bit Build 9600 

CPU:total 4 (2 cores per cpu, 2 threads per core) family 6 model 58 stepping 9, cmov, cx8, fxsr, mmx, sse, sse2, sse3, ssse3, sse4.1, sse4.2, popcnt, avx, aes, erms, ht, tsc, tscinvbit, tscinv

Memory: 4k page, physical 4066552k(1360300k free), swap 8260888k(4543852k free)

vm_info: Java HotSpot(TM) 64-Bit Server VM (24.65-b04) for windows-amd64 JRE (1.7.0_67-b01), built on Jul 25 2014 08:55:00 by "java_re" with unknown MS VC++:1600

time: Sun Nov 23 19:49:59 2014
elapsed time: 6 seconds

