#
# A fatal error has been detected by the Java Runtime Environment:
#
#  EXCEPTION_ACCESS_VIOLATION (0xc0000005) at pc=0x0000000060300f68, pid=8800, tid=7596
#
# JRE version: Java(TM) SE Runtime Environment (7.0_67-b01) (build 1.7.0_67-b01)
# Java VM: Java HotSpot(TM) 64-Bit Server VM (24.65-b04 mixed mode windows-amd64 compressed oops)
# Problematic frame:
# V  [jvm.dll+0x4a0f68]
#
# Failed to write core dump. Minidumps are not enabled by default on client versions of Windows
#
# If you would like to submit a bug report, please visit:
#   http://bugreport.sun.com/bugreport/crash.jsp
#

---------------  T H R E A D  ---------------

Current thread (0x0000000008c07800):  JavaThread "C2 CompilerThread0" daemon [_thread_in_native, id=7596, stack(0x0000000008e00000,0x0000000008f00000)]

siginfo: ExceptionCode=0xc0000005, writing address 0x000000000877b7f0

Registers:
RAX=0x0000000000000000, RBX=0x0000000000000009, RCX=0x0000000000000000, RDX=0x0000000008cc5a00
RSP=0x0000000008efc4a0, RBP=0x0000000008efc5a0, RSI=0x000000000877b7f0, RDI=0x0000000008cc0628
R8 =0x0000000000000003, R9 =0x0000000009677270, R10=0x0000000000000001, R11=0x0000000008cc5a00
R12=0x0000000000000001, R13=0x0000000008efcb90, R14=0x0000000009677200, R15=0x0000000009d1a6b8
RIP=0x0000000060300f68, EFLAGS=0x0000000000010247

Top of Stack: (sp=0x0000000008efc4a0)
0x0000000008efc4a0:   00000000096773c0 0000000008efc5a0
0x0000000008efc4b0:   0000000000000000 0000000008efc5a0
0x0000000008efc4c0:   0000000000000824 0000000008cc57f0
0x0000000008efc4d0:   0000000008c81960 0000000008efc710
0x0000000008efc4e0:   0000000000000016 0000000000000035
0x0000000008efc4f0:   0000000000000012 0000000009677270
0x0000000008efc500:   0000000000000002 0000000000000002
0x0000000008efc510:   000000000977b5e0 0000000200000042
0x0000000008efc520:   0000066e00000000 0000000008efc858
0x0000000008efc530:   0000000008ef0000 0000000008c7bea0
0x0000000008efc540:   0000000100000000 0000066e00000042
0x0000000008efc550:   0000000008efc858 0000000000000000
0x0000000008efc560:   0000000008c7a4e0 00000000000003d8
0x0000000008efc570:   0000000008c45a38 0000000008c45650
0x0000000008efc580:   0000000008c45660 0000000000000000
0x0000000008efc590:   000000000877b7f0 fffffffff6884a20 

Instructions: (pc=0x0000000060300f68)
0x0000000060300f48:   40 48 8b 04 c1 48 8b 4d 10 48 8b 0c 01 48 8b 44
0x0000000060300f58:   24 70 48 89 08 48 8b 45 20 48 03 c6 0f b6 0c 10
0x0000000060300f68:   88 0e e9 20 02 00 00 48 8b 85 70 02 00 00 48 8b
0x0000000060300f78:   70 10 48 83 be 80 01 00 00 af 76 18 4c 8d 05 ed 


Register to memory mapping:

RAX=0x0000000000000000 is an unknown value
RBX=0x0000000000000009 is an unknown value
RCX=0x0000000000000000 is an unknown value
RDX=0x0000000008cc5a00 is an unknown value
RSP=0x0000000008efc4a0 is pointing into the stack for thread: 0x0000000008c07800
RBP=0x0000000008efc5a0 is pointing into the stack for thread: 0x0000000008c07800
RSI=0x000000000877b7f0 is pointing into the stack for thread: 0x0000000006dde800
RDI=0x0000000008cc0628 is an unknown value
R8 =0x0000000000000003 is an unknown value
R9 =0x0000000009677270 is an unknown value
R10=0x0000000000000001 is an unknown value
R11=0x0000000008cc5a00 is an unknown value
R12=0x0000000000000001 is an unknown value
R13=0x0000000008efcb90 is pointing into the stack for thread: 0x0000000008c07800
R14=0x0000000009677200 is an unknown value
R15=0x0000000009d1a6b8 is an unknown value


Stack: [0x0000000008e00000,0x0000000008f00000],  sp=0x0000000008efc4a0,  free space=1009k
Native frames: (J=compiled Java code, j=interpreted, Vv=VM code, C=native code)
V  [jvm.dll+0x4a0f68]


Current CompileTask:
C2:   2195  186             sun.misc.URLClassPath::getResource (74 bytes)


---------------  P R O C E S S  ---------------

Java Threads: ( => current thread )
  0x0000000009d4f000 JavaThread "Keep-Alive-Timer" daemon [_thread_blocked, id=8460, stack(0x000000000b0c0000,0x000000000b1c0000)]
  0x000000000a190800 JavaThread "Code server listener" daemon [_thread_in_native, id=4192, stack(0x000000000aed0000,0x000000000afd0000)]
  0x000000000a2df800 JavaThread "GWT Update Checker" daemon [_thread_in_Java, id=3144, stack(0x000000000add0000,0x000000000aed0000)]
  0x0000000009eb0000 JavaThread "pool-1-thread-1" [_thread_in_native, id=8292, stack(0x000000000acd0000,0x000000000add0000)]
  0x0000000008af6000 JavaThread "Thread-3" daemon [_thread_in_Java, id=156, stack(0x0000000009c00000,0x0000000009d00000)]
  0x0000000008cfd000 JavaThread "Thread-2" daemon [_thread_blocked, id=4436, stack(0x0000000009b00000,0x0000000009c00000)]
  0x0000000008cdf000 JavaThread "Thread-1" [_thread_in_native, id=8788, stack(0x0000000009a00000,0x0000000009b00000)]
  0x0000000008af4800 JavaThread "Service Thread" daemon [_thread_blocked, id=8816, stack(0x0000000009000000,0x0000000009100000)]
  0x0000000008af2800 JavaThread "C2 CompilerThread1" daemon [_thread_in_native, id=8908, stack(0x0000000008f00000,0x0000000009000000)]
=>0x0000000008c07800 JavaThread "C2 CompilerThread0" daemon [_thread_in_native, id=7596, stack(0x0000000008e00000,0x0000000008f00000)]
  0x0000000006def000 JavaThread "JDWP Command Reader" daemon [_thread_in_native, id=9100, stack(0x0000000008900000,0x0000000008a00000)]
  0x0000000006dec000 JavaThread "JDWP Event Helper Thread" daemon [_thread_blocked, id=2480, stack(0x0000000008800000,0x0000000008900000)]
  0x0000000006dde800 JavaThread "JDWP Transport Listener: dt_socket" daemon [_thread_blocked, id=2444, stack(0x0000000008700000,0x0000000008800000)]
  0x0000000006dd7000 JavaThread "Attach Listener" daemon [_thread_blocked, id=1052, stack(0x0000000008250000,0x0000000008350000)]
  0x0000000006dd4000 JavaThread "Signal Dispatcher" daemon [_thread_blocked, id=9180, stack(0x0000000008150000,0x0000000008250000)]
  0x0000000006da1800 JavaThread "Finalizer" daemon [_thread_blocked, id=8484, stack(0x0000000008050000,0x0000000008150000)]
  0x0000000006d98800 JavaThread "Reference Handler" daemon [_thread_blocked, id=6472, stack(0x0000000007f50000,0x0000000008050000)]
  0x00000000020f4000 JavaThread "main" [_thread_in_native, id=8692, stack(0x00000000006b0000,0x00000000007b0000)]

Other Threads:
  0x0000000006d94800 VMThread [stack: 0x0000000007e50000,0x0000000007f50000] [id=2396]
  0x0000000008af5800 WatcherThread [stack: 0x0000000009100000,0x0000000009200000] [id=8612]

VM state:not at safepoint (normal execution)

VM Mutex/Monitor currently owned by a thread: None

Heap
 PSYoungGen      total 18944K, used 13122K [0x00000000f5500000, 0x00000000f7a00000, 0x0000000100000000)
  eden space 16384K, 64% used [0x00000000f5500000,0x00000000f5f54820,0x00000000f6500000)
  from space 2560K, 99% used [0x00000000f6500000,0x00000000f677c020,0x00000000f6780000)
  to   space 2560K, 0% used [0x00000000f7780000,0x00000000f7780000,0x00000000f7a00000)
 ParOldGen       total 41984K, used 12126K [0x00000000e0000000, 0x00000000e2900000, 0x00000000f5500000)
  object space 41984K, 28% used [0x00000000e0000000,0x00000000e0bd7b58,0x00000000e2900000)
 PSPermGen       total 21504K, used 8428K [0x00000000dae00000, 0x00000000dc300000, 0x00000000e0000000)
  object space 21504K, 39% used [0x00000000dae00000,0x00000000db63b310,0x00000000dc300000)

Card table byte_map: [0x00000000052b0000,0x00000000053e0000] byte_map_base: 0x0000000004bd9000

Polling page: 0x0000000000580000

Code Cache  [0x00000000021f0000, 0x0000000002460000, 0x00000000051f0000)
 total_blobs=416 nmethods=188 adapters=189 free_code_cache=48288Kb largest_free_block=49427520

Compilation events (10 events):
Event: 2.088 Thread 0x0000000008af2800 nmethod 174 0x00000000022c6a90 code [0x00000000022c6da0, 0x00000000022c8c70]
Event: 2.090 Thread 0x0000000008af2800  184   !         java.lang.ref.ReferenceQueue::poll (28 bytes)
Event: 2.091 Thread 0x0000000008af2800 nmethod 184 0x00000000022b0c90 code [0x00000000022b0dc0, 0x00000000022b0e38]
Event: 2.096 Thread 0x0000000008af2800  185             com.google.gwt.dev.resource.impl.ZipFileClassPathEntry::buildIndex (124 bytes)
Event: 2.107 Thread 0x0000000008c07800 nmethod 183% 0x00000000022be890 code [0x00000000022bea60, 0x00000000022bf488]
Event: 2.107 Thread 0x0000000008c07800  186             sun.misc.URLClassPath::getResource (74 bytes)
Event: 2.147 Thread 0x0000000008af2800 nmethod 185 0x00000000022c1ad0 code [0x00000000022c1d20, 0x00000000022c2f60]
Event: 2.147 Thread 0x0000000008af2800  187             java.util.AbstractCollection::addAll (42 bytes)
Event: 2.175 Thread 0x0000000008af2800 nmethod 187 0x00000000022cae90 code [0x00000000022cb080, 0x00000000022cbbf0]
Event: 2.176 Thread 0x0000000008af2800  189   !         sun.misc.URLClassPath$JarLoader::getResource (91 bytes)

GC Heap History (6 events):
Event: 0.933 GC heap before
{Heap before GC invocations=1 (full 0):
 PSYoungGen      total 18944K, used 16384K [0x00000000f5500000, 0x00000000f6a00000, 0x0000000100000000)
  eden space 16384K, 100% used [0x00000000f5500000,0x00000000f6500000,0x00000000f6500000)
  from space 2560K, 0% used [0x00000000f6780000,0x00000000f6780000,0x00000000f6a00000)
  to   space 2560K, 0% used [0x00000000f6500000,0x00000000f6500000,0x00000000f6780000)
 ParOldGen       total 41984K, used 0K [0x00000000e0000000, 0x00000000e2900000, 0x00000000f5500000)
  object space 41984K, 0% used [0x00000000e0000000,0x00000000e0000000,0x00000000e2900000)
 PSPermGen       total 21504K, used 5398K [0x00000000dae00000, 0x00000000dc300000, 0x00000000e0000000)
  object space 21504K, 25% used [0x00000000dae00000,0x00000000db345860,0x00000000dc300000)
Event: 0.941 GC heap after
Heap after GC invocations=1 (full 0):
 PSYoungGen      total 18944K, used 2373K [0x00000000f5500000, 0x00000000f6a00000, 0x0000000100000000)
  eden space 16384K, 0% used [0x00000000f5500000,0x00000000f5500000,0x00000000f6500000)
  from space 2560K, 92% used [0x00000000f6500000,0x00000000f67517d8,0x00000000f6780000)
  to   space 2560K, 0% used [0x00000000f6780000,0x00000000f6780000,0x00000000f6a00000)
 ParOldGen       total 41984K, used 0K [0x00000000e0000000, 0x00000000e2900000, 0x00000000f5500000)
  object space 41984K, 0% used [0x00000000e0000000,0x00000000e0000000,0x00000000e2900000)
 PSPermGen       total 21504K, used 5398K [0x00000000dae00000, 0x00000000dc300000, 0x00000000e0000000)
  object space 21504K, 25% used [0x00000000dae00000,0x00000000db345860,0x00000000dc300000)
}
Event: 1.665 GC heap before
{Heap before GC invocations=2 (full 0):
 PSYoungGen      total 18944K, used 18757K [0x00000000f5500000, 0x00000000f6a00000, 0x0000000100000000)
  eden space 16384K, 100% used [0x00000000f5500000,0x00000000f6500000,0x00000000f6500000)
  from space 2560K, 92% used [0x00000000f6500000,0x00000000f67517d8,0x00000000f6780000)
  to   space 2560K, 0% used [0x00000000f6780000,0x00000000f6780000,0x00000000f6a00000)
 ParOldGen       total 41984K, used 0K [0x00000000e0000000, 0x00000000e2900000, 0x00000000f5500000)
  object space 41984K, 0% used [0x00000000e0000000,0x00000000e0000000,0x00000000e2900000)
 PSPermGen       total 21504K, used 6475K [0x00000000dae00000, 0x00000000dc300000, 0x00000000e0000000)
  object space 21504K, 30% used [0x00000000dae00000,0x00000000db452fb0,0x00000000dc300000)
Event: 1.677 GC heap after
Heap after GC invocations=2 (full 0):
 PSYoungGen      total 18944K, used 2544K [0x00000000f5500000, 0x00000000f7a00000, 0x0000000100000000)
  eden space 16384K, 0% used [0x00000000f5500000,0x00000000f5500000,0x00000000f6500000)
  from space 2560K, 99% used [0x00000000f6780000,0x00000000f69fc040,0x00000000f6a00000)
  to   space 2560K, 0% used [0x00000000f6500000,0x00000000f6500000,0x00000000f6780000)
 ParOldGen       total 41984K, used 4572K [0x00000000e0000000, 0x00000000e2900000, 0x00000000f5500000)
  object space 41984K, 10% used [0x00000000e0000000,0x00000000e0477028,0x00000000e2900000)
 PSPermGen       total 21504K, used 6475K [0x00000000dae00000, 0x00000000dc300000, 0x00000000e0000000)
  object space 21504K, 30% used [0x00000000dae00000,0x00000000db452fb0,0x00000000dc300000)
}
Event: 2.034 GC heap before
{Heap before GC invocations=3 (full 0):
 PSYoungGen      total 18944K, used 18928K [0x00000000f5500000, 0x00000000f7a00000, 0x0000000100000000)
  eden space 16384K, 100% used [0x00000000f5500000,0x00000000f6500000,0x00000000f6500000)
  from space 2560K, 99% used [0x00000000f6780000,0x00000000f69fc040,0x00000000f6a00000)
  to   space 2560K, 0% used [0x00000000f6500000,0x00000000f6500000,0x00000000f6780000)
 ParOldGen       total 41984K, used 4572K [0x00000000e0000000, 0x00000000e2900000, 0x00000000f5500000)
  object space 41984K, 10% used [0x00000000e0000000,0x00000000e0477028,0x00000000e2900000)
 PSPermGen       total 21504K, used 7658K [0x00000000dae00000, 0x00000000dc300000, 0x00000000e0000000)
  object space 21504K, 35% used [0x00000000dae00000,0x00000000db57aae8,0x00000000dc300000)
Event: 2.059 GC heap after
Heap after GC invocations=3 (full 0):
 PSYoungGen      total 18944K, used 2544K [0x00000000f5500000, 0x00000000f7a00000, 0x0000000100000000)
  eden space 16384K, 0% used [0x00000000f5500000,0x00000000f5500000,0x00000000f6500000)
  from space 2560K, 99% used [0x00000000f6500000,0x00000000f677c020,0x00000000f6780000)
  to   space 2560K, 0% used [0x00000000f7780000,0x00000000f7780000,0x00000000f7a00000)
 ParOldGen       total 41984K, used 12126K [0x00000000e0000000, 0x00000000e2900000, 0x00000000f5500000)
  object space 41984K, 28% used [0x00000000e0000000,0x00000000e0bd7b58,0x00000000e2900000)
 PSPermGen       total 21504K, used 7658K [0x00000000dae00000, 0x00000000dc300000, 0x00000000e0000000)
  object space 21504K, 35% used [0x00000000dae00000,0x00000000db57aae8,0x00000000dc300000)
}

Deoptimization events (10 events):
Event: 1.386 Thread 0x0000000008af6000 Uncommon trap: reason=array_check action=maybe_recompile pc=0x000000000228a00c method=java.util.AbstractCollection.toArray([Ljava/lang/Object;)[Ljava/lang/Object; @ 119
Event: 1.386 Thread 0x0000000008af6000 Uncommon trap: reason=array_check action=maybe_recompile pc=0x000000000228a00c method=java.util.AbstractCollection.toArray([Ljava/lang/Object;)[Ljava/lang/Object; @ 119
Event: 1.386 Thread 0x0000000008af6000 Uncommon trap: reason=array_check action=maybe_recompile pc=0x000000000228a00c method=java.util.AbstractCollection.toArray([Ljava/lang/Object;)[Ljava/lang/Object; @ 119
Event: 1.386 Thread 0x0000000008af6000 Uncommon trap: reason=array_check action=maybe_recompile pc=0x000000000228a00c method=java.util.AbstractCollection.toArray([Ljava/lang/Object;)[Ljava/lang/Object; @ 119
Event: 1.926 Thread 0x00000000020f4000 Uncommon trap: reason=unreached action=reinterpret pc=0x000000000228566c method=java.lang.ref.Reference.<init>(Ljava/lang/Object;Ljava/lang/ref/ReferenceQueue;)V @ 11
Event: 1.928 Thread 0x0000000009eb0000 Uncommon trap: reason=class_check action=maybe_recompile pc=0x00000000022982ac method=java.util.concurrent.locks.AbstractQueuedSynchronizer.release(I)Z @ 2
Event: 1.965 Thread 0x00000000020f4000 Uncommon trap: reason=class_check action=maybe_recompile pc=0x0000000002259a98 method=java.util.Properties$LineReader.readLine()I @ 62
Event: 1.966 Thread 0x00000000020f4000 Uncommon trap: reason=class_check action=maybe_recompile pc=0x0000000002259a98 method=java.util.Properties$LineReader.readLine()I @ 62
Event: 2.002 Thread 0x00000000020f4000 Uncommon trap: reason=class_check action=maybe_recompile pc=0x0000000002292a1c method=com.google.gwt.thirdparty.guava.common.base.Equivalence.hash(Ljava/lang/Object;)I @ 8
Event: 2.003 Thread 0x00000000020f4000 Uncommon trap: reason=class_check action=maybe_recompile pc=0x0000000002292a1c method=com.google.gwt.thirdparty.guava.common.base.Equivalence.hash(Ljava/lang/Object;)I @ 8

Internal exceptions (10 events):
Event: 2.156 Thread 0x00000000020f4000 Threw 0x00000000f5ac46a0 at C:\re\jdk7u67\1368\hotspot\src\share\vm\prims\jvm.cpp:1244
Event: 2.157 Thread 0x00000000020f4000 Threw 0x00000000f5acbef0 at C:\re\jdk7u67\1368\hotspot\src\share\vm\prims\jvm.cpp:1244
Event: 2.159 Thread 0x00000000020f4000 Threw 0x00000000f5ad29b0 at C:\re\jdk7u67\1368\hotspot\src\share\vm\prims\jvm.cpp:1244
Event: 2.161 Thread 0x00000000020f4000 Threw 0x00000000f5c192b8 at C:\re\jdk7u67\1368\hotspot\src\share\vm\prims\jvm.cpp:1244
Event: 2.163 Thread 0x00000000020f4000 Threw 0x00000000f5c1fee8 at C:\re\jdk7u67\1368\hotspot\src\share\vm\prims\jvm.cpp:1244
Event: 2.166 Thread 0x00000000020f4000 Threw 0x00000000f5c31b48 at C:\re\jdk7u67\1368\hotspot\src\share\vm\prims\jvm.cpp:1244
Event: 2.169 Thread 0x00000000020f4000 Threw 0x00000000f5dade70 at C:\re\jdk7u67\1368\hotspot\src\share\vm\prims\jvm.cpp:1244
Event: 2.170 Thread 0x00000000020f4000 Threw 0x00000000f5db5fd0 at C:\re\jdk7u67\1368\hotspot\src\share\vm\prims\jvm.cpp:1244
Event: 2.172 Thread 0x00000000020f4000 Threw 0x00000000f5dbd1a8 at C:\re\jdk7u67\1368\hotspot\src\share\vm\prims\jvm.cpp:1244
Event: 2.173 Thread 0x00000000020f4000 Threw 0x00000000f5dc3278 at C:\re\jdk7u67\1368\hotspot\src\share\vm\prims\jvm.cpp:1244

Events (10 events):
Event: 2.168 loading class 0x00000000021643b0
Event: 2.168 loading class 0x00000000021643b0 done
Event: 2.169 loading class 0x000000000a095670
Event: 2.169 loading class 0x000000000a095670 done
Event: 2.170 loading class 0x00000000097383c0
Event: 2.170 loading class 0x00000000097383c0 done
Event: 2.172 loading class 0x000000000a08e370
Event: 2.172 loading class 0x000000000a08e370 done
Event: 2.173 loading class 0x000000000a08e3b0
Event: 2.173 loading class 0x000000000a08e3b0 done


Dynamic libraries:
0x00007ff78b520000 - 0x00007ff78b553000 	C:\Program Files\Java\jdk1.7.0_67\bin\javaw.exe
0x00007ffcd8c80000 - 0x00007ffcd8e26000 	C:\WINDOWS\SYSTEM32\ntdll.dll
0x00007ffcd6b30000 - 0x00007ffcd6c6a000 	C:\WINDOWS\system32\KERNEL32.DLL
0x00007ffcd63a0000 - 0x00007ffcd64af000 	C:\WINDOWS\system32\KERNELBASE.dll
0x00007ffcd4b50000 - 0x00007ffcd4bd8000 	C:\WINDOWS\system32\apphelp.dll
0x00007ffccf490000 - 0x00007ffccf4df000 	C:\WINDOWS\AppPatch\AppPatch64\AcGenral.DLL
0x00007ffcd6500000 - 0x00007ffcd65a7000 	C:\WINDOWS\system32\msvcrt.dll
0x00007ffcd5d80000 - 0x00007ffcd5dab000 	C:\WINDOWS\SYSTEM32\SspiCli.dll
0x00007ffcd68d0000 - 0x00007ffcd6921000 	C:\WINDOWS\system32\SHLWAPI.dll
0x00007ffcd6e20000 - 0x00007ffcd6f91000 	C:\WINDOWS\system32\USER32.dll
0x00007ffcd70e0000 - 0x00007ffcd7258000 	C:\WINDOWS\system32\ole32.dll
0x00007ffcd7270000 - 0x00007ffcd867f000 	C:\WINDOWS\system32\SHELL32.dll
0x00007ffcd5530000 - 0x00007ffcd554e000 	C:\WINDOWS\SYSTEM32\USERENV.dll
0x00007ffcd6d10000 - 0x00007ffcd6db5000 	C:\WINDOWS\system32\ADVAPI32.dll
0x00007ffcc7ae0000 - 0x00007ffcc7afb000 	C:\WINDOWS\SYSTEM32\MPR.dll
0x00007ffcd6fa0000 - 0x00007ffcd70d7000 	C:\WINDOWS\system32\RPCRT4.dll
0x00007ffcd8a30000 - 0x00007ffcd8a87000 	C:\WINDOWS\SYSTEM32\sechost.dll
0x00007ffcd6930000 - 0x00007ffcd6b06000 	C:\WINDOWS\SYSTEM32\combase.dll
0x00007ffcd8720000 - 0x00007ffcd8864000 	C:\WINDOWS\system32\GDI32.dll
0x00007ffcd5ff0000 - 0x00007ffcd6004000 	C:\WINDOWS\SYSTEM32\profapi.dll
0x00007ffcd43b0000 - 0x00007ffcd444f000 	C:\WINDOWS\SYSTEM32\SHCORE.dll
0x00007ffcd6c70000 - 0x00007ffcd6ca4000 	C:\WINDOWS\system32\IMM32.DLL
0x00007ffcd8b40000 - 0x00007ffcd8c79000 	C:\WINDOWS\system32\MSCTF.dll
0x00007ffcd3f10000 - 0x00007ffcd416a000 	C:\WINDOWS\WinSxS\amd64_microsoft.windows.common-controls_6595b64144ccf1df_6.0.9600.17031_none_6242a4b3ecbb55a1\COMCTL32.dll
0x0000000060640000 - 0x0000000060712000 	C:\Program Files\Java\jdk1.7.0_67\jre\bin\msvcr100.dll
0x000000005fe60000 - 0x0000000060632000 	C:\Program Files\Java\jdk1.7.0_67\jre\bin\server\jvm.dll
0x00007ffccde40000 - 0x00007ffccde49000 	C:\WINDOWS\SYSTEM32\WSOCK32.dll
0x00007ffcd3340000 - 0x00007ffcd335f000 	C:\WINDOWS\SYSTEM32\WINMM.dll
0x00007ffcd8870000 - 0x00007ffcd8877000 	C:\WINDOWS\system32\PSAPI.DLL
0x00007ffcd6dc0000 - 0x00007ffcd6e18000 	C:\WINDOWS\system32\WS2_32.dll
0x00007ffcd3310000 - 0x00007ffcd333a000 	C:\WINDOWS\SYSTEM32\WINMMBASE.dll
0x00007ffcd8a20000 - 0x00007ffcd8a29000 	C:\WINDOWS\system32\NSI.dll
0x00007ffcd6350000 - 0x00007ffcd639a000 	C:\WINDOWS\SYSTEM32\cfgmgr32.dll
0x00007ffcd4da0000 - 0x00007ffcd4dc6000 	C:\WINDOWS\SYSTEM32\DEVOBJ.dll
0x000000005fe50000 - 0x000000005fe5f000 	C:\Program Files\Java\jdk1.7.0_67\jre\bin\verify.dll
0x000000005fe20000 - 0x000000005fe48000 	C:\Program Files\Java\jdk1.7.0_67\jre\bin\java.dll
0x000000005fba0000 - 0x000000005fbd5000 	C:\Program Files\Java\jdk1.7.0_67\jre\bin\jdwp.dll
0x000000005fb90000 - 0x000000005fb98000 	C:\Program Files\Java\jdk1.7.0_67\jre\bin\npt.dll
0x000000005fb60000 - 0x000000005fb83000 	C:\Program Files\Java\jdk1.7.0_67\jre\bin\instrument.dll
0x000000005fe00000 - 0x000000005fe15000 	C:\Program Files\Java\jdk1.7.0_67\jre\bin\zip.dll
0x000000005fb50000 - 0x000000005fb59000 	C:\Program Files\Java\jdk1.7.0_67\jre\bin\dt_socket.dll
0x00007ffcc67c0000 - 0x00007ffcc67d4000 	C:\WINDOWS\system32\napinsp.dll
0x00007ffcc67e0000 - 0x00007ffcc67f9000 	C:\WINDOWS\system32\pnrpnsp.dll
0x00007ffcd3780000 - 0x00007ffcd3799000 	C:\WINDOWS\system32\NLAapi.dll
0x00007ffcd5780000 - 0x00007ffcd57d8000 	C:\WINDOWS\System32\mswsock.dll
0x00007ffcd5590000 - 0x00007ffcd5633000 	C:\WINDOWS\SYSTEM32\DNSAPI.dll
0x00007ffcc6800000 - 0x00007ffcc680c000 	C:\WINDOWS\System32\winrnr.dll
0x00007ffcc6810000 - 0x00007ffcc6823000 	C:\WINDOWS\system32\wshbth.dll
0x0000000061b90000 - 0x0000000061bb6000 	C:\Program Files\Bonjour\mdnsNSP.dll
0x00007ffcd22f0000 - 0x00007ffcd2319000 	C:\WINDOWS\SYSTEM32\Iphlpapi.DLL
0x00007ffcd22d0000 - 0x00007ffcd22da000 	C:\WINDOWS\SYSTEM32\WINNSI.DLL
0x0000000063560000 - 0x0000000063569000 	C:\Program Files\National Instruments\Shared\mDNS Responder\nimdnsNSP.dll
0x0000000063550000 - 0x000000006355e000 	C:\WINDOWS\SYSTEM32\nimdnsResponder.dll
0x0000000061ae0000 - 0x0000000061b83000 	C:\WINDOWS\WinSxS\amd64_microsoft.vc90.crt_1fc8b3b9a1e18e3b_9.0.30729.8387_none_08e793bfa83a89b5\MSVCR90.dll
0x00007ffcd0360000 - 0x00007ffcd03c8000 	C:\WINDOWS\System32\fwpuclnt.dll
0x00007ffcc8730000 - 0x00007ffcc8739000 	C:\Windows\System32\rasadhlp.dll
0x000000005fde0000 - 0x000000005fdf9000 	C:\Program Files\Java\jdk1.7.0_67\jre\bin\net.dll
0x00007ffcd57e0000 - 0x00007ffcd57fe000 	C:\WINDOWS\SYSTEM32\CRYPTSP.dll
0x00007ffcd5420000 - 0x00007ffcd5455000 	C:\WINDOWS\system32\rsaenh.dll
0x00007ffcd5a80000 - 0x00007ffcd5aa6000 	C:\WINDOWS\SYSTEM32\bcrypt.dll
0x00007ffcd5db0000 - 0x00007ffcd5e10000 	C:\WINDOWS\system32\bcryptprimitives.dll
0x00007ffcd5e10000 - 0x00007ffcd5e1a000 	C:\WINDOWS\SYSTEM32\CRYPTBASE.dll
0x00007ffcd0430000 - 0x00007ffcd0444000 	C:\WINDOWS\SYSTEM32\dhcpcsvc6.DLL
0x00007ffcd04b0000 - 0x00007ffcd04c9000 	C:\WINDOWS\SYSTEM32\dhcpcsvc.DLL
0x00007ffccd620000 - 0x00007ffccd7a8000 	C:\WINDOWS\SYSTEM32\dbghelp.dll

VM Arguments:
jvm_args: -agentlib:jdwp=transport=dt_socket,suspend=y,address=localhost:55305 -Ddatastore.default_high_rep_job_policy_unapplied_job_pct=50 -Xmx512m -javaagent:C:\Users\miga\Desktop\eclipse\plugins\com.google.appengine.eclipse.sdkbundle_1.9.10\appengine-java-sdk-1.9.10\lib\agent\appengine-agent.jar -Dfile.encoding=Cp1252 
java_command: com.google.gwt.dev.DevMode -remoteUI 55031:5263254639341 -startupUrl createAcc.jsp -logLevel INFO -noserver -codeServerPort 9997 -port 8888 -war C:\Users\miga\workspace\PitchProject\war pitch.PitchProject pitch.Pitch
Launcher Type: SUN_STANDARD

Environment Variables:
PATH=C:\Program Files\Java\jdk1.7.0_67\jre\bin;C:\ProgramData\Oracle\Java\javapath;C:\Program Files (x86)\Intel\iCLS Client\;C:\Program Files\Intel\iCLS Client\;C:\WINDOWS\system32;C:\WINDOWS;C:\WINDOWS\System32\Wbem;C:\WINDOWS\System32\WindowsPowerShell\v1.0\;C:\Program Files\Intel\Intel(R) Management Engine Components\DAL;C:\Program Files\Intel\Intel(R) Management Engine Components\IPT;C:\Program Files (x86)\Intel\Intel(R) Management Engine Components\DAL;C:\Program Files (x86)\Intel\Intel(R) Management Engine Components\IPT;C:\Program Files (x86)\QuickTime\QTSystem\;C:\Program Files (x86)\PharosSystems\Core;C:\Program Files (x86)\Windows Kits\8.1\Windows Performance Toolkit\;C:\Program Files (x86)\Microsoft SDKs\TypeScript\1.0\;C:\Program Files\TortoiseGit\bin
USERNAME=miga
OS=Windows_NT
PROCESSOR_IDENTIFIER=Intel64 Family 6 Model 58 Stepping 9, GenuineIntel



---------------  S Y S T E M  ---------------

OS: Windows 8.1 , 64 bit Build 9600 

CPU:total 4 (2 cores per cpu, 2 threads per core) family 6 model 58 stepping 9, cmov, cx8, fxsr, mmx, sse, sse2, sse3, ssse3, sse4.1, sse4.2, popcnt, avx, aes, erms, ht, tsc, tscinvbit, tscinv

Memory: 4k page, physical 4066552k(1129836k free), swap 8260888k(4592884k free)

vm_info: Java HotSpot(TM) 64-Bit Server VM (24.65-b04) for windows-amd64 JRE (1.7.0_67-b01), built on Jul 25 2014 08:55:00 by "java_re" with unknown MS VC++:1600

time: Sun Nov 23 14:10:24 2014
elapsed time: 2 seconds

